[+] Containers:
 |- [+] Container: /Game/ThirdPerson/Maps/gameroom20
 |   |- [+] ActorDescs:
 |   |   |- Guid:0102F5634E84888515D2A89FEEF163A5 BaseClass: NativeClass:/Script/Engine.StaticMeshActor Name:StaticMeshActor_UAID_1C6F65927C32E28C01_1336906811 Label:GameMach28 SpatiallyLoaded:1 Bounds:IsValid=true, Min=(X=7412.558 Y=1618.750 Z=-2.632), Max=(X=7751.033 Y=1881.250 Z=605.046) RuntimeGrid:None EditorOnly:0 RuntimeOnly:0 HLODRelevant:1
 |   |   |- Guid:05CC29944DCC0E52B6366DAE9D6383E0 BaseClass: NativeClass:/Script/Engine.StaticMeshActor Name:StaticMeshActor_UAID_1C6F65927C32E28C01_1576801818 Label:GameMach34 SpatiallyLoaded:1 Bounds:IsValid=true, Min=(X=8021.967 Y=1099.750 Z=-2.632), Max=(X=8360.442 Y=1362.250 Z=605.046) RuntimeGrid:None EditorOnly:0 RuntimeOnly:0 HLODRelevant:1
 |   |   |- Guid:060843E545ED1E0097D3FE8C23F1EDBE BaseClass: NativeClass:/Script/Engine.StaticMeshActor Name:StaticMeshActor_UAID_1C6F65927C32E28C01_1360694813 Label:GameMachGIGACHAD3 SpatiallyLoaded:1 Bounds:IsValid=true, Min=(X=7041.206 Y=1608.605 Z=0.946), Max=(X=7357.047 Y=1979.690 Z=856.276) RuntimeGrid:None EditorOnly:0 RuntimeOnly:0 HLODRelevant:1
 |   |   |- Guid:0F85693B45E60E8FE0238087595E607F BaseClass: NativeClass:/Script/Engine.StaticMeshActor Name:StaticMeshActor_UAID_1C6F65927C32E08C01_1267955430 Label:GameMach8 SpatiallyLoaded:1 Bounds:IsValid=true, Min=(X=5592.750 Y=221.558 Z=-2.632), Max=(X=5855.250 Y=560.033 Z=605.046) RuntimeGrid:None EditorOnly:0 RuntimeOnly:0 HLODRelevant:1
 |   |   |- Guid:1272E5CF4613B8B318FDE78EFAF61CD4 BaseClass: NativeClass:/Script/Engine.StaticMeshActor Name:StaticMeshActor_UAID_1C6F65927C32E08C01_1574407433 Label:GameMach11 SpatiallyLoaded:1 Bounds:IsValid=true, Min=(X=5186.750 Y=1726.967 Z=-2.632), Max=(X=5449.250 Y=2065.442 Z=605.046) RuntimeGrid:None EditorOnly:0 RuntimeOnly:0 HLODRelevant:1
 |   |   |- Guid:1A107DC948483E1D6F05D1BEE67E7B18 BaseClass: NativeClass:/Script/Engine.StaticMeshActor Name:StaticMeshActor_UAID_1C6F65927C32E18C01_1457818614 Label:GameMachGIGACHAD SpatiallyLoaded:1 Bounds:IsValid=true, Min=(X=5083.371 Y=953.067 Z=0.946), Max=(X=5568.505 Y=1424.635 Z=856.276) RuntimeGrid:None EditorOnly:0 RuntimeOnly:0 HLODRelevant:1
 |   |   |- Guid:1E2738314A2F31BB612163A26F3EADDF BaseClass: NativeClass:/Script/Engine.StaticMeshActor Name:StaticMeshActor_UAID_1C6F65927C32DE8C01_1555232142 Label:SM_Cube13 SpatiallyLoaded:1 Bounds:IsValid=true, Min=(X=5888.780 Y=-606.000 Z=-26.875), Max=(X=8385.655 Y=-556.000 Z=795.000) RuntimeGrid:None EditorOnly:0 RuntimeOnly:0 HLODRelevant:1 FolderPath:Playground FolderGuid:C73F09FC4215536B1DCE2A9E0A830C70
 |   |   |- Guid:1F6237444655E53610FE5DA8691BB07F BaseClass: NativeClass:/Script/Engine.StaticMeshActor Name:StaticMeshActor_UAID_1C6F65927C32E38C01_1292537999 Label:Lights2 SpatiallyLoaded:1 Bounds:IsValid=true, Min=(X=6513.682 Y=390.470 Z=609.847), Max=(X=7088.225 Y=422.808 Z=798.320) RuntimeGrid:None EditorOnly:0 RuntimeOnly:0 HLODRelevant:1
 |   |   |- Guid:22129E86491A15795FA1A68F39B0062A BaseClass: NativeClass:/Script/Engine.StaticMeshActor Name:StaticMeshActor_UAID_1C6F65927C32DE8C01_1544876141 Label:SM_Cube12 SpatiallyLoaded:1 Bounds:IsValid=true, Min=(X=8362.780 Y=251.000 Z=-26.875), Max=(X=8412.780 Y=2882.250 Z=795.000) RuntimeGrid:None EditorOnly:0 RuntimeOnly:0 HLODRelevant:1 FolderPath:Playground FolderGuid:C73F09FC4215536B1DCE2A9E0A830C70
 |   |   |- Guid:24554EDC4AEC342D9281C2A66E3AB1E2 BaseClass: NativeClass:/Script/Engine.StaticMeshActor Name:StaticMeshActor_UAID_1C6F65927C32E28C01_1422354814 Label:GameMach30 SpatiallyLoaded:1 Bounds:IsValid=true, Min=(X=5887.142 Y=647.000 Z=-29.452), Max=(X=6366.495 Y=1065.654 Z=613.218) RuntimeGrid:None EditorOnly:0 RuntimeOnly:0 HLODRelevant:1
 |   |   |- Guid:29C2911540520CAB756F36B78CB4AEDD BaseClass: NativeClass:/Script/Engine.StaticMeshActor Name:StaticMeshActor_UAID_1C6F65927C32E28C01_1331307810 Label:GameMach27 SpatiallyLoaded:1 Bounds:IsValid=true, Min=(X=6647.967 Y=1608.750 Z=-2.632), Max=(X=6986.442 Y=1871.250 Z=605.046) RuntimeGrid:None EditorOnly:0 RuntimeOnly:0 HLODRelevant:1
 |   |   |- Guid:2A0E01984E0DBE4582A5979791FDC7CE BaseClass: NativeClass:/Script/Engine.StaticMeshActor Name:StaticMeshActor_UAID_1C6F65927C32E38C01_1434947004 Label:Lights7 SpatiallyLoaded:1 Bounds:IsValid=true, Min=(X=7115.554 Y=1266.836 Z=611.847), Max=(X=7509.635 Y=1727.748 Z=800.320) RuntimeGrid:None EditorOnly:0 RuntimeOnly:0 HLODRelevant:1
 |   |   |- Guid:2B9F2DCD4AA24ABCED616697A597CB6D BaseClass: NativeClass:/Script/Engine.StaticMeshActor Name:StaticMeshActor_UAID_1C6F65927C32E28C01_1303385807 Label:GameMach24 SpatiallyLoaded:1 Bounds:IsValid=true, Min=(X=7054.750 Y=893.967 Z=-2.632), Max=(X=7317.250 Y=1232.442 Z=605.046) RuntimeGrid:None EditorOnly:0 RuntimeOnly:0 HLODRelevant:1
 |   |   |- Guid:2FCE6BA44D2C685929289186488C0717 BaseClass: NativeClass:/Script/Engine.StaticMeshActor Name:StaticMeshActor_UAID_1C6F65927C32E28C01_1587453820 Label:GameMachGIGACHAD4 SpatiallyLoaded:1 Bounds:IsValid=true, Min=(X=6928.396 Y=-247.316 Z=0.206), Max=(X=7860.416 Y=450.480 Z=316.047) RuntimeGrid:None EditorOnly:0 RuntimeOnly:0 HLODRelevant:1
 |   |   |- Guid:333D7E7C4FDA2FD482BA2CBC0817236B BaseClass: NativeClass:/Script/Engine.StaticMeshActor Name:StaticMeshActor_UAID_1C6F65927C32DE8C01_1596136145 Label:SM_Cube17 SpatiallyLoaded:1 Bounds:IsValid=true, Min=(X=8387.780 Y=2119.000 Z=-26.875), Max=(X=9859.655 Y=2169.000 Z=795.000) RuntimeGrid:None EditorOnly:0 RuntimeOnly:0 HLODRelevant:1 FolderPath:Playground FolderGuid:C73F09FC4215536B1DCE2A9E0A830C70
 |   |   |- Guid:34C561074D38F5F7F67688BED9B1D42D BaseClass: NativeClass:/Script/Engine.PointLight Name:PointLight_UAID_A07817A4AC29127D01_1330316389 Label:PointLight6 SpatiallyLoaded:1 Bounds:IsValid=true, Min=(X=7792.776 Y=1112.776 Z=-487.224), Max=(X=10387.224 Y=3707.224 Z=2107.224) RuntimeGrid:None EditorOnly:0 RuntimeOnly:0 HLODRelevant:0
 |   |   |- Guid:354DAA5047E3D786D718CB86CA02189C BaseClass: NativeClass:/Script/Engine.StaticMeshActor Name:StaticMeshActor_UAID_1C6F65927C32E28C01_1612984821 Label:GameMach36 SpatiallyLoaded:1 Bounds:IsValid=true, Min=(X=6544.928 Y=1821.152 Z=-15.729), Max=(X=7066.209 Y=2477.799 Z=684.779) RuntimeGrid:None EditorOnly:0 RuntimeOnly:0 HLODRelevant:1
 |   |   |- Guid:3AE714E9418A34F4F09BB18D3707EAA6 BaseClass: NativeClass:/Script/Engine.StaticMeshActor Name:StaticMeshActor_UAID_1C6F65927C32DE8C01_1436782137 Label:SM_Cube6 SpatiallyLoaded:1 Bounds:IsValid=true, Min=(X=4717.780 Y=139.000 Z=-26.875), Max=(X=4767.780 Y=829.625 Z=795.000) RuntimeGrid:None EditorOnly:0 RuntimeOnly:0 HLODRelevant:1 FolderPath:Playground FolderGuid:C73F09FC4215536B1DCE2A9E0A830C70
 |   |   |- Guid:3D297C804B430994552B31936D4E20F0 BaseClass: NativeClass:/Script/Engine.StaticMeshActor Name:StaticMeshActor_UAID_1C6F65927C32E28C01_1213205805 Label:GameMach23 SpatiallyLoaded:1 Bounds:IsValid=true, Min=(X=7315.750 Y=2480.967 Z=-2.632), Max=(X=7578.250 Y=2819.442 Z=605.046) RuntimeGrid:None EditorOnly:0 RuntimeOnly:0 HLODRelevant:1
 |   |   |- Guid:49B1B3824CED303BE4DED39C44C5067A BaseClass: NativeClass:/Script/Engine.StaticMeshActor Name:StaticMeshActor_UAID_1C6F65927C32DE8C01_1411837135 Label:SM_Cube7 SpatiallyLoaded:1 Bounds:IsValid=true, Min=(X=4722.780 Y=132.000 Z=-26.875), Max=(X=5904.030 Y=182.000 Z=795.000) RuntimeGrid:None EditorOnly:0 RuntimeOnly:0 HLODRelevant:1 FolderPath:Playground FolderGuid:C73F09FC4215536B1DCE2A9E0A830C70
 |   |   |- Guid:4A0BEF5F47AB70D4F1F76E8A16803464 BaseClass: NativeClass:/Script/Engine.StaticMeshActor Name:StaticMeshActor_UAID_1C6F65927C32E28C01_1115180796 Label:GameMach18 SpatiallyLoaded:1 Bounds:IsValid=true, Min=(X=7554.750 Y=-531.442 Z=-2.632), Max=(X=7817.250 Y=-192.967 Z=605.046) RuntimeGrid:None EditorOnly:0 RuntimeOnly:0 HLODRelevant:1
 |   |   |- Guid:52CE1C8B46299A1B2A460088F900C1B4 BaseClass: NativeClass:/Script/Engine.StaticMeshActor Name:StaticMeshActor_UAID_1C6F65927C32DF8C01_1133826249 Label:GameMach3 SpatiallyLoaded:1 Bounds:IsValid=true, Min=(X=8805.895 Y=-351.131 Z=-30.552), Max=(X=9085.418 Y=-41.187 Z=502.982) RuntimeGrid:None EditorOnly:0 RuntimeOnly:0 HLODRelevant:1
 |   |   |- Guid:52F8E10A4999CD846869D7930DCF60A9 BaseClass: NativeClass:/Script/Engine.StaticMeshActor Name:StaticMeshActor_UAID_1C6F65927C32DF8C01_1096046247 Label:GameMach1 SpatiallyLoaded:1 Bounds:IsValid=true, Min=(X=9550.895 Y=-351.131 Z=-30.552), Max=(X=9830.418 Y=-41.187 Z=502.982) RuntimeGrid:None EditorOnly:0 RuntimeOnly:0 HLODRelevant:1
 |   |   |- Guid:544C61DB43A337BB174CA586A367E143 BaseClass: NativeClass:/Script/Engine.StaticMeshActor Name:StaticMeshActor_UAID_1C6F65927C32E28C01_1196966799 Label:GameMach20 SpatiallyLoaded:1 Bounds:IsValid=true, Min=(X=6001.750 Y=2480.967 Z=-2.632), Max=(X=6264.250 Y=2819.442 Z=605.046) RuntimeGrid:None EditorOnly:0 RuntimeOnly:0 HLODRelevant:1
 |   |   |- Guid:5831444A4FA2C7DC7D19D28830A27EB5 BaseClass: NativeClass:/Script/Engine.StaticMeshActor Name:StaticMeshActor_UAID_1C6F65927C32DE8C01_1511039140 Label:SM_Cube11 SpatiallyLoaded:1 Bounds:IsValid=true, Min=(X=5888.780 Y=2827.000 Z=-26.875), Max=(X=8385.655 Y=2877.000 Z=795.000) RuntimeGrid:None EditorOnly:0 RuntimeOnly:0 HLODRelevant:1 FolderPath:Playground FolderGuid:C73F09FC4215536B1DCE2A9E0A830C70
 |   |   |- Guid:5B34BB78470E37E16E45E387C72EAD76 BaseClass: NativeClass:/Script/Engine.StaticMeshActor Name:StaticMeshActor_UAID_A07817A4AC29107D01_1298764986 Label:SM_Cube14 SpatiallyLoaded:1 Bounds:IsValid=true, Min=(X=5820.000 Y=-860.000 Z=-50.000), Max=(X=14370.000 Y=3390.000 Z=0.000) RuntimeGrid:None EditorOnly:0 RuntimeOnly:0 HLODRelevant:1 FolderPath:Playground FolderGuid:C73F09FC4215536B1DCE2A9E0A830C70
 |   |   |- Guid:63C4CCE9450A7497898EE9834CE061A7 BaseClass: NativeClass:/Script/Engine.StaticMeshActor Name:StaticMeshActor_UAID_1C6F65927C32E28C01_1578454819 Label:GameMach35 SpatiallyLoaded:1 Bounds:IsValid=true, Min=(X=8021.967 Y=592.750 Z=-2.632), Max=(X=8360.442 Y=855.250 Z=605.046) RuntimeGrid:None EditorOnly:0 RuntimeOnly:0 HLODRelevant:1
 |   |   |- Guid:64D1000343DC2BEC5E4E3E8E4799EABE BaseClass: NativeClass:/Script/Engine.StaticMeshActor Name:StaticMeshActor_UAID_1C6F65927C32DE8C01_1450522139 Label:SM_Cube10 SpatiallyLoaded:1 Bounds:IsValid=true, Min=(X=5889.780 Y=-572.000 Z=-26.875), Max=(X=5939.780 Y=1190.500 Z=795.000) RuntimeGrid:None EditorOnly:0 RuntimeOnly:0 HLODRelevant:1 FolderPath:Playground FolderGuid:C73F09FC4215536B1DCE2A9E0A830C70
 |   |   |- Guid:6591DA45492CD0F5A5D0FCBF40A01AE8 BaseClass:/Game/Characters/Skills/BP_SplineGlitch.BP_SplineGlitch_C NativeClass:/Script/Engine.Actor Name:BP_SplineGlitch_C_UAID_A07817A4AC29EE8301_1773309383 Label:BP_SplineGlitch SpatiallyLoaded:1 Bounds:IsValid=true, Min=(X=2818.899 Y=1725.389 Z=-506.000), Max=(X=4259.371 Y=2881.767 Z=646.000) RuntimeGrid:None EditorOnly:0 RuntimeOnly:0 HLODRelevant:0
 |   |   |- Guid:66F21A5B4860D2F574F1FB9DB66E54FE BaseClass: NativeClass:/Script/Engine.StaticMeshActor Name:StaticMeshActor_UAID_1C6F65927C32DE8C01_1211873131 Label:SM_Cube3 SpatiallyLoaded:1 Bounds:IsValid=true, Min=(X=3574.780 Y=1409.000 Z=-26.875), Max=(X=4756.030 Y=1459.000 Z=795.000) RuntimeGrid:None EditorOnly:0 RuntimeOnly:0 HLODRelevant:1 FolderPath:Playground FolderGuid:C73F09FC4215536B1DCE2A9E0A830C70
 |   |   |- Guid:6A4601BE4E1067B454C83CA720D2DCB8 BaseClass: NativeClass:/Script/Engine.StaticMeshActor Name:StaticMeshActor_UAID_1C6F65927C32E28C01_1303382806 Label:GameMach22 SpatiallyLoaded:1 Bounds:IsValid=true, Min=(X=6719.750 Y=893.967 Z=-2.632), Max=(X=6982.250 Y=1232.442 Z=605.046) RuntimeGrid:None EditorOnly:0 RuntimeOnly:0 HLODRelevant:1
 |   |   |- Guid:6BF0E0604F3A19132689D1970F6A9352 BaseClass: NativeClass:/Script/Engine.StaticMeshActor Name:StaticMeshActor_UAID_1C6F65927C32DF8C01_1137120250 Label:GameMach4 SpatiallyLoaded:1 Bounds:IsValid=true, Min=(X=8453.895 Y=-351.131 Z=-30.552), Max=(X=8733.418 Y=-41.187 Z=502.982) RuntimeGrid:None EditorOnly:0 RuntimeOnly:0 HLODRelevant:1
 |   |   |- Guid:7199FC7F48A25465E5C57B807BEF28B3 BaseClass: NativeClass:/Script/Engine.StaticMeshActor Name:StaticMeshActor_UAID_1C6F65927C32DE8C01_1638434147 Label:SM_Cube19 SpatiallyLoaded:1 Bounds:IsValid=true, Min=(X=8881.780 Y=713.000 Z=-26.875), Max=(X=9872.405 Y=763.000 Z=795.000) RuntimeGrid:None EditorOnly:0 RuntimeOnly:0 HLODRelevant:1 FolderPath:Playground FolderGuid:C73F09FC4215536B1DCE2A9E0A830C70
 |   |   |- Guid:76F8EAEE4E9DD97DFC7D2090F22C4618 BaseClass: NativeClass:/Script/Engine.StaticMeshActor Name:StaticMeshActor_UAID_1C6F65927C32DE8C01_1445824138 Label:SM_Cube9 SpatiallyLoaded:1 Bounds:IsValid=true, Min=(X=5889.780 Y=1456.000 Z=-26.875), Max=(X=5939.780 Y=2871.625 Z=795.000) RuntimeGrid:None EditorOnly:0 RuntimeOnly:0 HLODRelevant:1 FolderPath:Playground FolderGuid:C73F09FC4215536B1DCE2A9E0A830C70
 |   |   |- Guid:7762D5A245F2420B99DFD7B5E31E0E18 BaseClass:/Game/ThirdPerson/Blueprints/BP_ThirdPersonCharacter.BP_ThirdPersonCharacter_C NativeClass:/Script/Engine.Character Name:BP_ThirdPersonCharacter_C_UAID_A07817A4AC292B8801_1222306343 Label:BP_ThirdPersonCharacter SpatiallyLoaded:1 Bounds:IsValid=true, Min=(X=3591.308 Y=1043.618 Z=-77.823), Max=(X=3930.848 Y=1203.618 Z=202.188) RuntimeGrid:None EditorOnly:0 RuntimeOnly:0 HLODRelevant:0
 |   |   |- Guid:7A4ACE7A40563537B89829B0F86CA0DD BaseClass: NativeClass:/Script/Engine.StaticMeshActor Name:StaticMeshActor_UAID_1C6F65927C32E28C01_1570135817 Label:GameMach33 SpatiallyLoaded:1 Bounds:IsValid=true, Min=(X=8021.967 Y=2031.750 Z=-2.632), Max=(X=8360.442 Y=2294.250 Z=605.046) RuntimeGrid:None EditorOnly:0 RuntimeOnly:0 HLODRelevant:1
 |   |   |- Guid:7AE402834E5CAA43880C5D8AB617DC7C BaseClass: NativeClass:/Script/Engine.StaticMeshActor Name:StaticMeshActor_UAID_1C6F65927C32E28C01_1110572793 Label:GameMach15 SpatiallyLoaded:1 Bounds:IsValid=true, Min=(X=6369.750 Y=-531.442 Z=-2.632), Max=(X=6632.250 Y=-192.967 Z=605.046) RuntimeGrid:None EditorOnly:0 RuntimeOnly:0 HLODRelevant:1
 |   |   |- Guid:7B6D087A4FBEBA66395F3089F37C6590 BaseClass: NativeClass:/Script/Engine.PointLight Name:PointLight_UAID_A07817A4AC29117D01_1800686201 Label:PointLight SpatiallyLoaded:1 Bounds:IsValid=true, Min=(X=6691.428 Y=-248.572 Z=-1168.572), Max=(X=10508.572 Y=3568.572 Z=2648.572) RuntimeGrid:None EditorOnly:0 RuntimeOnly:0 HLODRelevant:0
 |   |   |- Guid:7D7F7B8C458D1DAB4C21A88890545915 BaseClass: NativeClass:/Script/Niagara.NiagaraActor Name:NiagaraActor_UAID_A07817A4AC29648C01_1838682599 Label:BombGlitch_Niagara SpatiallyLoaded:1 Bounds:IsValid=true, Min=(X=4159.000 Y=1259.000 Z=49.000), Max=(X=4161.000 Y=1261.000 Z=51.000) RuntimeGrid:None EditorOnly:0 RuntimeOnly:0 HLODRelevant:0
 |   |   |- Guid:7F0F81DE4C40FF954C768FB1F19EFBAA BaseClass: NativeClass:/Script/Engine.StaticMeshActor Name:StaticMeshActor_UAID_1C6F65927C32DE8C01_1585341144 Label:SM_Cube16 SpatiallyLoaded:1 Bounds:IsValid=true, Min=(X=8387.780 Y=-421.000 Z=-26.875), Max=(X=9859.655 Y=-371.000 Z=795.000) RuntimeGrid:None EditorOnly:0 RuntimeOnly:0 HLODRelevant:1 FolderPath:Playground FolderGuid:C73F09FC4215536B1DCE2A9E0A830C70
 |   |   |- Guid:7FC9E59B4489506C0F238B9BE4B90B85 BaseClass: NativeClass:/Script/Engine.StaticMeshActor Name:StaticMeshActor_UAID_1C6F65927C32E28C01_1115178795 Label:GameMach17 SpatiallyLoaded:1 Bounds:IsValid=true, Min=(X=7942.750 Y=-531.442 Z=-2.632), Max=(X=8205.250 Y=-192.967 Z=605.046) RuntimeGrid:None EditorOnly:0 RuntimeOnly:0 HLODRelevant:1
 |   |   |- Guid:848BC51847385B8EBFAD628B57E9B724 BaseClass: NativeClass:/Script/Engine.PointLight Name:PointLight_UAID_A07817A4AC29117D01_2035460206 Label:PointLight5 SpatiallyLoaded:1 Bounds:IsValid=true, Min=(X=7931.598 Y=-2511.516 Z=-2081.700), Max=(X=13714.997 Y=3271.883 Z=3701.700) RuntimeGrid:None EditorOnly:0 RuntimeOnly:0 HLODRelevant:0
 |   |   |- Guid:84CB0EAC46E67ACC899CD29880449141 BaseClass: NativeClass:/Script/Engine.StaticMeshActor Name:StaticMeshActor_UAID_1C6F65927C32E28C01_1196967800 Label:GameMach21 SpatiallyLoaded:1 Bounds:IsValid=true, Min=(X=6429.750 Y=2480.967 Z=-2.632), Max=(X=6692.250 Y=2819.442 Z=605.046) RuntimeGrid:None EditorOnly:0 RuntimeOnly:0 HLODRelevant:1
 |   |   |- Guid:8833D11B44BE7644A0BA158CD2CA5922 BaseClass: NativeClass:/Script/Engine.PlayerStart Name:PlayerStart_0 Label:PlayerStart SpatiallyLoaded:0 Bounds:IsValid=true, Min=(X=3105.318 Y=1221.724 Z=0.013), Max=(X=3185.318 Y=1301.724 Z=184.013) RuntimeGrid:None EditorOnly:0 RuntimeOnly:0 HLODRelevant:0
 |   |   |- Guid:8ACC5044468BD1F188A15A80E9D7E507 BaseClass:/Game/Characters/Skills/BP_DashActor.BP_DashActor_C NativeClass:/Script/Engine.Actor Name:BP_DashActor_C_UAID_A07817A4AC29FE8701_1848666423 Label:BP_DashActor SpatiallyLoaded:1 Bounds:IsValid=true, Min=(X=13662.857 Y=1969.412 Z=20.580), Max=(X=13766.857 Y=2073.412 Z=124.580) RuntimeGrid:None EditorOnly:0 RuntimeOnly:0 HLODRelevant:0
 |   |   |- Guid:8DCB2F934375A875DEA463A7F275A005 BaseClass: NativeClass:/Script/Engine.StaticMeshActor Name:StaticMeshActor_UAID_1C6F65927C32E28C01_1309181808 Label:GameMach25 SpatiallyLoaded:1 Bounds:IsValid=true, Min=(X=7388.750 Y=893.967 Z=-2.632), Max=(X=7651.250 Y=1232.442 Z=605.046) RuntimeGrid:None EditorOnly:0 RuntimeOnly:0 HLODRelevant:1
 |   |   |- Guid:9279998A473371D2D993D59679F6B19C BaseClass: NativeClass:/Script/Engine.StaticMeshActor Name:StaticMeshActor_UAID_1C6F65927C32E08C01_1240835429 Label:GameMach7 SpatiallyLoaded:1 Bounds:IsValid=true, Min=(X=4814.750 Y=221.558 Z=-2.632), Max=(X=5077.250 Y=560.033 Z=605.046) RuntimeGrid:None EditorOnly:0 RuntimeOnly:0 HLODRelevant:1
 |   |   |- Guid:93B1A8B24935653FE4333EAB738C5FFB BaseClass: NativeClass:/Script/Engine.StaticMeshActor Name:StaticMeshActor_UAID_1C6F65927C32E28C01_1336908812 Label:GameMach29 SpatiallyLoaded:1 Bounds:IsValid=true, Min=(X=7412.558 Y=1299.750 Z=-2.632), Max=(X=7751.033 Y=1562.250 Z=605.046) RuntimeGrid:None EditorOnly:0 RuntimeOnly:0 HLODRelevant:1
 |   |   |- Guid:99924DB34757D1D6BD1FCB97653B58FC BaseClass: NativeClass:/Script/Engine.StaticMeshActor Name:StaticMeshActor_UAID_1C6F65927C32DE8C01_1418714136 Label:SM_Cube8 SpatiallyLoaded:1 Bounds:IsValid=true, Min=(X=4722.780 Y=2093.000 Z=-26.875), Max=(X=5904.030 Y=2143.000 Z=795.000) RuntimeGrid:None EditorOnly:0 RuntimeOnly:0 HLODRelevant:1 FolderPath:Playground FolderGuid:C73F09FC4215536B1DCE2A9E0A830C70
 |   |   |- Guid:9C6FD16142AA8816F31CACA6B411A59E BaseClass: NativeClass:/Script/Engine.StaticMeshActor Name:StaticMeshActor_UAID_1C6F65927C32E08C01_1274329431 Label:GameMach9 SpatiallyLoaded:1 Bounds:IsValid=true, Min=(X=5592.750 Y=1726.967 Z=-2.632), Max=(X=5855.250 Y=2065.442 Z=605.046) RuntimeGrid:None EditorOnly:0 RuntimeOnly:0 HLODRelevant:1
 |   |   |- Guid:9F11D93F49CE0F1DA6648AB52BEA5E95 BaseClass: NativeClass:/Script/Engine.StaticMeshActor Name:StaticMeshActor_UAID_1C6F65927C32E28C01_1127741797 Label:GameMachGIGACHAD2 SpatiallyLoaded:1 Bounds:IsValid=true, Min=(X=7841.495 Y=2341.365 Z=0.946), Max=(X=8326.629 Y=2812.933 Z=856.276) RuntimeGrid:None EditorOnly:0 RuntimeOnly:0 HLODRelevant:1
 |   |   |- Guid:9F64253440A1466756D78B8C2C346282 BaseClass: NativeClass:/Script/Engine.StaticMeshActor Name:StaticMeshActor_UAID_1C6F65927C32E38C01_1402480002 Label:Lights5 SpatiallyLoaded:1 Bounds:IsValid=true, Min=(X=7848.554 Y=400.836 Z=595.847), Max=(X=8242.635 Y=861.748 Z=784.320) RuntimeGrid:None EditorOnly:0 RuntimeOnly:0 HLODRelevant:1
 |   |   |- Guid:A2805F1B44645CF83FB11DBA2CE62D31 BaseClass: NativeClass:/Script/Engine.StaticMeshActor Name:StaticMeshActor_UAID_1C6F65927C32E08C01_1285219432 Label:GameMach10 SpatiallyLoaded:1 Bounds:IsValid=true, Min=(X=4798.750 Y=1726.967 Z=-2.632), Max=(X=5061.250 Y=2065.442 Z=605.046) RuntimeGrid:None EditorOnly:0 RuntimeOnly:0 HLODRelevant:1
 |   |   |- Guid:AE78657C419E569C149922A8B52B1C0E BaseClass: NativeClass:/Script/Engine.StaticMeshActor Name:StaticMeshActor_UAID_1C6F65927C32E28C01_1443657815 Label:GameMach31 SpatiallyLoaded:1 Bounds:IsValid=true, Min=(X=6333.825 Y=620.063 Z=-48.486), Max=(X=7007.072 Y=1046.660 Z=666.322) RuntimeGrid:None EditorOnly:0 RuntimeOnly:0 HLODRelevant:1
 |   |   |- Guid:AF46763C49DC04C6E66825AC7AE51727 BaseClass: NativeClass:/Script/Engine.DirectionalLight Name:DirectionalLight_0 Label:DirectionalLight SpatiallyLoaded:0 Bounds:IsValid=true, Min=(X=-4398046511104.000 Y=-4398046511104.000 Z=-4398046511104.000), Max=(X=4398046511104.000 Y=4398046511104.000 Z=4398046511104.000) RuntimeGrid:None EditorOnly:0 RuntimeOnly:0 HLODRelevant:0 FolderPath:Lighting FolderGuid:963EC3EB4002CCE9759E2EBA541A873A
 |   |   |- Guid:AF68C76446DDD33FF0D4FCB842BD6062 BaseClass: NativeClass:/Script/Engine.PointLight Name:PointLight_UAID_A07817A4AC29117D01_1950758204 Label:PointLight3 SpatiallyLoaded:1 Bounds:IsValid=true, Min=(X=4970.389 Y=-1435.951 Z=-1168.572), Max=(X=8787.532 Y=2381.192 Z=2648.572) RuntimeGrid:None EditorOnly:0 RuntimeOnly:0 HLODRelevant:0
 |   |   |- Guid:B01BF2414ED914D16166EF86EF183F62 BaseClass: NativeClass:/Script/Engine.StaticMeshActor Name:StaticMeshActor_UAID_1C6F65927C32DF8C01_1604226251 Label:GameMach5 SpatiallyLoaded:1 Bounds:IsValid=true, Min=(X=9551.582 Y=395.187 Z=-30.552), Max=(X=9831.105 Y=705.131 Z=502.982) RuntimeGrid:None EditorOnly:0 RuntimeOnly:0 HLODRelevant:1
 |   |   |- Guid:B8B558704B82EB2829759DA6CD064147 BaseClass: NativeClass:/Script/Engine.StaticMeshActor Name:StaticMeshActor_UAID_1C6F65927C32DE8C01_1562126143 Label:SM_Cube15 SpatiallyLoaded:1 Bounds:IsValid=true, Min=(X=8365.780 Y=-607.000 Z=-26.875), Max=(X=8415.780 Y=-57.000 Z=795.000) RuntimeGrid:None EditorOnly:0 RuntimeOnly:0 HLODRelevant:1 FolderPath:Playground FolderGuid:C73F09FC4215536B1DCE2A9E0A830C70
 |   |   |- Guid:C055D7414A62E277C36116918D4384D5 BaseClass: NativeClass:/Script/Engine.StaticMeshActor Name:StaticMeshActor_UAID_1C6F65927C32E38C01_1242451998 Label:Lights SpatiallyLoaded:1 Bounds:IsValid=true, Min=(X=5949.682 Y=390.470 Z=626.847), Max=(X=6524.225 Y=422.808 Z=815.320) RuntimeGrid:None EditorOnly:0 RuntimeOnly:0 HLODRelevant:1
 |   |   |- Guid:CB07657C4519E9626BA9EF9FC2812A42 BaseClass: NativeClass:/Script/Engine.StaticMeshActor Name:StaticMeshActor_UAID_1C6F65927C32DF8C01_1615927252 Label:GameMach6 SpatiallyLoaded:1 Bounds:IsValid=true, Min=(X=8913.786 Y=-83.394 Z=-44.197), Max=(X=9389.251 Y=511.727 Z=483.833) RuntimeGrid:None EditorOnly:0 RuntimeOnly:0 HLODRelevant:1
 |   |   |- Guid:CC20F54D43052CD2EA561B8D0D21B55C BaseClass: NativeClass:/Script/Engine.StaticMeshActor Name:StaticMeshActor_UAID_1C6F65927C32E38C01_1296582000 Label:Lights3 SpatiallyLoaded:1 Bounds:IsValid=true, Min=(X=7084.682 Y=390.470 Z=595.847), Max=(X=7659.225 Y=422.808 Z=784.320) RuntimeGrid:None EditorOnly:0 RuntimeOnly:0 HLODRelevant:1
 |   |   |- Guid:CD493D874A18641CE1E8D3ABC26554F7 BaseClass: NativeClass:/Script/Engine.WorldDataLayers Name:WorldDataLayers Label:WorldDataLayers SpatiallyLoaded:0 Bounds:IsValid=true, Min=(X=0.000 Y=0.000 Z=0.000), Max=(X=0.000 Y=0.000 Z=0.000) RuntimeGrid:None EditorOnly:0 RuntimeOnly:0 HLODRelevant:0
 |   |   |- Guid:CF61E174474DDFA813B0CAB209AA444D BaseClass: NativeClass:/Script/Engine.StaticMeshActor Name:StaticMeshActor_UAID_1C6F65927C32E28C01_1110567791 Label:GameMach13 SpatiallyLoaded:1 Bounds:IsValid=true, Min=(X=5979.750 Y=-531.442 Z=-2.632), Max=(X=6242.250 Y=-192.967 Z=605.046) RuntimeGrid:None EditorOnly:0 RuntimeOnly:0 HLODRelevant:1
 |   |   |- Guid:D356DB65470A9D2710D8EFBC0EE71D35 BaseClass: NativeClass:/Script/Engine.PointLight Name:PointLight_UAID_A07817A4AC29117D01_1860139202 Label:PointLight2 SpatiallyLoaded:1 Bounds:IsValid=true, Min=(X=3961.391 Y=-161.763 Z=-1083.896), Max=(X=7778.534 Y=3655.380 Z=2733.247) RuntimeGrid:None EditorOnly:0 RuntimeOnly:0 HLODRelevant:0
 |   |   |- Guid:D40E449048B4DDACEB1C7A8BE03CE16B BaseClass: NativeClass:/Script/Engine.PointLight Name:PointLight_UAID_A07817A4AC29008801_1441939775 Label:PointLight4 SpatiallyLoaded:1 Bounds:IsValid=true, Min=(X=3369.103 Y=-1435.951 Z=-1168.572), Max=(X=7186.246 Y=2381.192 Z=2648.572) RuntimeGrid:None EditorOnly:0 RuntimeOnly:0 HLODRelevant:0
 |   |   |- Guid:D85F90834782302E2FA76BAC6EB47063 BaseClass: NativeClass:/Script/Engine.StaticMeshActor Name:StaticMeshActor_UAID_1C6F65927C32E38C01_1396492001 Label:Lights4 SpatiallyLoaded:1 Bounds:IsValid=true, Min=(X=7651.682 Y=390.470 Z=595.847), Max=(X=8226.225 Y=422.808 Z=784.320) RuntimeGrid:None EditorOnly:0 RuntimeOnly:0 HLODRelevant:1
 |   |   |- Guid:D88D695942A6EEEBE0B7E18536F3BF6B BaseClass: NativeClass:/Script/Engine.StaticMeshActor Name:StaticMeshActor_UAID_1C6F65927C32E08C01_2093861437 Label:GameMach12 SpatiallyLoaded:1 Bounds:IsValid=true, Min=(X=5204.750 Y=221.558 Z=-2.632), Max=(X=5467.250 Y=560.033 Z=605.046) RuntimeGrid:None EditorOnly:0 RuntimeOnly:0 HLODRelevant:1
 |   |   |- Guid:DA176C244A2E70A1F7A213AB43B244B5 BaseClass: NativeClass:/Script/Engine.StaticMeshActor Name:StaticMeshActor_UAID_1C6F65927C32DE8C01_1349132132 Label:SM_Cube4 SpatiallyLoaded:1 Bounds:IsValid=true, Min=(X=3574.780 Y=785.000 Z=-26.875), Max=(X=4756.030 Y=835.000 Z=795.000) RuntimeGrid:None EditorOnly:0 RuntimeOnly:0 HLODRelevant:1 FolderPath:Playground FolderGuid:C73F09FC4215536B1DCE2A9E0A830C70
 |   |   |- Guid:DE90604148F315DCC01879925BF87DD2 BaseClass: NativeClass:/Script/Engine.StaticMeshActor Name:StaticMeshActor_UAID_1C6F65927C32E28C01_1196963798 Label:GameMach19 SpatiallyLoaded:1 Bounds:IsValid=true, Min=(X=6869.750 Y=2480.967 Z=-2.632), Max=(X=7132.250 Y=2819.442 Z=605.046) RuntimeGrid:None EditorOnly:0 RuntimeOnly:0 HLODRelevant:1
 |   |   |- Guid:DFC227C24C9C216F1AEE13966C66E8C2 BaseClass:/Game/Characters/Skills/BP_VisionActor.BP_VisionActor_C NativeClass:/Script/Engine.Actor Name:BP_VisionActor_C_UAID_A07817A4AC29598A01_1897543551 Label:BP_VisionActor SpatiallyLoaded:1 Bounds:IsValid=true, Min=(X=13683.326 Y=2133.854 Z=-14.971), Max=(X=13827.810 Y=2278.338 Z=129.514) RuntimeGrid:None EditorOnly:0 RuntimeOnly:0 HLODRelevant:0
 |   |   |- Guid:E0611FD14DCFBE6A1A06758E94AC07C6 BaseClass: NativeClass:/Script/Engine.PostProcessVolume Name:PostProcessVolume_0 Label:PostProcessVolume SpatiallyLoaded:0 Bounds:IsValid=true, Min=(X=2626.505 Y=0.000 Z=400.000), Max=(X=2826.505 Y=200.000 Z=600.000) RuntimeGrid:None EditorOnly:0 RuntimeOnly:0 HLODRelevant:0 FolderPath:Lighting FolderGuid:963EC3EB4002CCE9759E2EBA541A873A
 |   |   |- Guid:E091B4C245DF6FA6302696993C40B179 BaseClass: NativeClass:/Script/Engine.StaticMeshActor Name:StaticMeshActor_1 Label:SM_Cube SpatiallyLoaded:1 Bounds:IsValid=true, Min=(X=2180.780 Y=-670.000 Z=-50.000), Max=(X=5830.780 Y=3580.000 Z=0.000) RuntimeGrid:None EditorOnly:0 RuntimeOnly:0 HLODRelevant:1 FolderPath:Playground FolderGuid:C73F09FC4215536B1DCE2A9E0A830C70
 |   |   |- Guid:E0AE26BF4B6272AC799D68873E2F94A3 BaseClass: NativeClass:/Script/Engine.StaticMeshActor Name:StaticMeshActor_UAID_1C6F65927C32DE8C01_1603092146 Label:SM_Cube18 SpatiallyLoaded:1 Bounds:IsValid=true, Min=(X=9828.780 Y=-429.000 Z=-26.875), Max=(X=9878.780 Y=2167.875 Z=795.000) RuntimeGrid:None EditorOnly:0 RuntimeOnly:0 HLODRelevant:1 FolderPath:Playground FolderGuid:C73F09FC4215536B1DCE2A9E0A830C70
 |   |   |- Guid:E59DD2AA44B070F5F0954CB29DE1A45E BaseClass: NativeClass:/Script/Engine.StaticMeshActor Name:StaticMeshActor_UAID_1C6F65927C32E28C01_1115175794 Label:GameMach16 SpatiallyLoaded:1 Bounds:IsValid=true, Min=(X=7164.750 Y=-531.442 Z=-2.632), Max=(X=7427.250 Y=-192.967 Z=605.046) RuntimeGrid:None EditorOnly:0 RuntimeOnly:0 HLODRelevant:1
 |   |   |- Guid:E67E3CDA4591EFF1C37E299531F7ED70 BaseClass: NativeClass:/Script/Engine.StaticMeshActor Name:StaticMeshActor_UAID_1C6F65927C32E28C01_1570133816 Label:GameMach32 SpatiallyLoaded:1 Bounds:IsValid=true, Min=(X=8021.967 Y=1580.750 Z=-2.632), Max=(X=8360.442 Y=1843.250 Z=605.046) RuntimeGrid:None EditorOnly:0 RuntimeOnly:0 HLODRelevant:1
 |   |   |- Guid:E72E31544E21CC9D1977D5A7C6148BA9 BaseClass: NativeClass:/Script/Engine.StaticMeshActor Name:StaticMeshActor_UAID_1C6F65927C32E28C01_1110570792 Label:GameMach14 SpatiallyLoaded:1 Bounds:IsValid=true, Min=(X=6757.750 Y=-531.442 Z=-2.632), Max=(X=7020.250 Y=-192.967 Z=605.046) RuntimeGrid:None EditorOnly:0 RuntimeOnly:0 HLODRelevant:1
 |   |   |- Guid:EA4AC7A7448CD0A0B3C09E9FB425C99D BaseClass: NativeClass:/Script/Engine.StaticMeshActor Name:StaticMeshActor_UAID_1C6F65927C32E38C01_1420802003 Label:Lights6 SpatiallyLoaded:1 Bounds:IsValid=true, Min=(X=7480.554 Y=834.836 Z=595.847), Max=(X=7874.635 Y=1295.748 Z=784.320) RuntimeGrid:None EditorOnly:0 RuntimeOnly:0 HLODRelevant:1
 |   |   |- Guid:EE17A9314DAE70ED85B804AA107FD531 BaseClass: NativeClass:/Script/Engine.StaticMeshActor Name:StaticMeshActor_UAID_1C6F65927C32DF8C01_1130470248 Label:GameMach2 SpatiallyLoaded:1 Bounds:IsValid=true, Min=(X=9180.895 Y=-351.131 Z=-30.552), Max=(X=9460.418 Y=-41.187 Z=502.982) RuntimeGrid:None EditorOnly:0 RuntimeOnly:0 HLODRelevant:1
 |   |   |- Guid:F527E31C4BFFB0813FC956BAE33C9227 BaseClass: NativeClass:/Script/Engine.StaticMeshActor Name:StaticMeshActor_UAID_1C6F65927C32DE8C01_1372735133 Label:SM_Cube5 SpatiallyLoaded:1 Bounds:IsValid=true, Min=(X=4717.780 Y=1413.000 Z=-26.875), Max=(X=4767.780 Y=2103.625 Z=795.000) RuntimeGrid:None EditorOnly:0 RuntimeOnly:0 HLODRelevant:1 FolderPath:Playground FolderGuid:C73F09FC4215536B1DCE2A9E0A830C70
 |   |   |- Guid:F7426F394B7836864BF1ABAD17911E28 BaseClass: NativeClass:/Script/Engine.PointLight Name:PointLight_UAID_1C6F65927C32F28701_1391224387 Label:PointLight8 SpatiallyLoaded:1 Bounds:IsValid=true, Min=(X=9892.776 Y=1112.776 Z=-487.224), Max=(X=12487.224 Y=3707.224 Z=2107.224) RuntimeGrid:None EditorOnly:0 RuntimeOnly:0 HLODRelevant:0
 |   |   |- Guid:FCD26CA1465E39C9CB1FCFAC3F5ACC38 BaseClass: NativeClass:/Script/Engine.StaticMeshActor Name:StaticMeshActor_UAID_1C6F65927C32E28C01_1319871809 Label:GameMach26 SpatiallyLoaded:1 Bounds:IsValid=true, Min=(X=6647.967 Y=1289.750 Z=-2.632), Max=(X=6986.442 Y=1552.250 Z=605.046) RuntimeGrid:None EditorOnly:0 RuntimeOnly:0 HLODRelevant:1
 |   |- [+] Clusters:
 |   |   |- [+] [  0]
 |   |   |   |- Guid:8ACC5044468BD1F188A15A80E9D7E507 BaseClass:/Game/Characters/Skills/BP_DashActor.BP_DashActor_C NativeClass:/Script/Engine.Actor Name:BP_DashActor_C_UAID_A07817A4AC29FE8701_1848666423 Label:BP_DashActor SpatiallyLoaded:1 Bounds:IsValid=true, Min=(X=13662.857 Y=1969.412 Z=20.580), Max=(X=13766.857 Y=2073.412 Z=124.580) RuntimeGrid:None EditorOnly:0 RuntimeOnly:0 HLODRelevant:0
 |   |   |- [+] [  1]
 |   |   |   |- Guid:5831444A4FA2C7DC7D19D28830A27EB5 BaseClass: NativeClass:/Script/Engine.StaticMeshActor Name:StaticMeshActor_UAID_1C6F65927C32DE8C01_1511039140 Label:SM_Cube11 SpatiallyLoaded:1 Bounds:IsValid=true, Min=(X=5888.780 Y=2827.000 Z=-26.875), Max=(X=8385.655 Y=2877.000 Z=795.000) RuntimeGrid:None EditorOnly:0 RuntimeOnly:0 HLODRelevant:1 FolderPath:Playground FolderGuid:C73F09FC4215536B1DCE2A9E0A830C70
 |   |   |- [+] [  2]
 |   |   |   |- Guid:52F8E10A4999CD846869D7930DCF60A9 BaseClass: NativeClass:/Script/Engine.StaticMeshActor Name:StaticMeshActor_UAID_1C6F65927C32DF8C01_1096046247 Label:GameMach1 SpatiallyLoaded:1 Bounds:IsValid=true, Min=(X=9550.895 Y=-351.131 Z=-30.552), Max=(X=9830.418 Y=-41.187 Z=502.982) RuntimeGrid:None EditorOnly:0 RuntimeOnly:0 HLODRelevant:1
 |   |   |- [+] [  3]
 |   |   |   |- Guid:F7426F394B7836864BF1ABAD17911E28 BaseClass: NativeClass:/Script/Engine.PointLight Name:PointLight_UAID_1C6F65927C32F28701_1391224387 Label:PointLight8 SpatiallyLoaded:1 Bounds:IsValid=true, Min=(X=9892.776 Y=1112.776 Z=-487.224), Max=(X=12487.224 Y=3707.224 Z=2107.224) RuntimeGrid:None EditorOnly:0 RuntimeOnly:0 HLODRelevant:0
 |   |   |- [+] [  4]
 |   |   |   |- Guid:CD493D874A18641CE1E8D3ABC26554F7 BaseClass: NativeClass:/Script/Engine.WorldDataLayers Name:WorldDataLayers Label:WorldDataLayers SpatiallyLoaded:0 Bounds:IsValid=true, Min=(X=0.000 Y=0.000 Z=0.000), Max=(X=0.000 Y=0.000 Z=0.000) RuntimeGrid:None EditorOnly:0 RuntimeOnly:0 HLODRelevant:0
 |   |   |- [+] [  5]
 |   |   |   |- Guid:6BF0E0604F3A19132689D1970F6A9352 BaseClass: NativeClass:/Script/Engine.StaticMeshActor Name:StaticMeshActor_UAID_1C6F65927C32DF8C01_1137120250 Label:GameMach4 SpatiallyLoaded:1 Bounds:IsValid=true, Min=(X=8453.895 Y=-351.131 Z=-30.552), Max=(X=8733.418 Y=-41.187 Z=502.982) RuntimeGrid:None EditorOnly:0 RuntimeOnly:0 HLODRelevant:1
 |   |   |- [+] [  6]
 |   |   |   |- Guid:E091B4C245DF6FA6302696993C40B179 BaseClass: NativeClass:/Script/Engine.StaticMeshActor Name:StaticMeshActor_1 Label:SM_Cube SpatiallyLoaded:1 Bounds:IsValid=true, Min=(X=2180.780 Y=-670.000 Z=-50.000), Max=(X=5830.780 Y=3580.000 Z=0.000) RuntimeGrid:None EditorOnly:0 RuntimeOnly:0 HLODRelevant:1 FolderPath:Playground FolderGuid:C73F09FC4215536B1DCE2A9E0A830C70
 |   |   |- [+] [  7]
 |   |   |   |- Guid:34C561074D38F5F7F67688BED9B1D42D BaseClass: NativeClass:/Script/Engine.PointLight Name:PointLight_UAID_A07817A4AC29127D01_1330316389 Label:PointLight6 SpatiallyLoaded:1 Bounds:IsValid=true, Min=(X=7792.776 Y=1112.776 Z=-487.224), Max=(X=10387.224 Y=3707.224 Z=2107.224) RuntimeGrid:None EditorOnly:0 RuntimeOnly:0 HLODRelevant:0
 |   |   |- [+] [  8]
 |   |   |   |- Guid:49B1B3824CED303BE4DED39C44C5067A BaseClass: NativeClass:/Script/Engine.StaticMeshActor Name:StaticMeshActor_UAID_1C6F65927C32DE8C01_1411837135 Label:SM_Cube7 SpatiallyLoaded:1 Bounds:IsValid=true, Min=(X=4722.780 Y=132.000 Z=-26.875), Max=(X=5904.030 Y=182.000 Z=795.000) RuntimeGrid:None EditorOnly:0 RuntimeOnly:0 HLODRelevant:1 FolderPath:Playground FolderGuid:C73F09FC4215536B1DCE2A9E0A830C70
 |   |   |- [+] [  9]
 |   |   |   |- Guid:63C4CCE9450A7497898EE9834CE061A7 BaseClass: NativeClass:/Script/Engine.StaticMeshActor Name:StaticMeshActor_UAID_1C6F65927C32E28C01_1578454819 Label:GameMach35 SpatiallyLoaded:1 Bounds:IsValid=true, Min=(X=8021.967 Y=592.750 Z=-2.632), Max=(X=8360.442 Y=855.250 Z=605.046) RuntimeGrid:None EditorOnly:0 RuntimeOnly:0 HLODRelevant:1
 |   |   |- [+] [ 10]
 |   |   |   |- Guid:0102F5634E84888515D2A89FEEF163A5 BaseClass: NativeClass:/Script/Engine.StaticMeshActor Name:StaticMeshActor_UAID_1C6F65927C32E28C01_1336906811 Label:GameMach28 SpatiallyLoaded:1 Bounds:IsValid=true, Min=(X=7412.558 Y=1618.750 Z=-2.632), Max=(X=7751.033 Y=1881.250 Z=605.046) RuntimeGrid:None EditorOnly:0 RuntimeOnly:0 HLODRelevant:1
 |   |   |- [+] [ 11]
 |   |   |   |- Guid:C055D7414A62E277C36116918D4384D5 BaseClass: NativeClass:/Script/Engine.StaticMeshActor Name:StaticMeshActor_UAID_1C6F65927C32E38C01_1242451998 Label:Lights SpatiallyLoaded:1 Bounds:IsValid=true, Min=(X=5949.682 Y=390.470 Z=626.847), Max=(X=6524.225 Y=422.808 Z=815.320) RuntimeGrid:None EditorOnly:0 RuntimeOnly:0 HLODRelevant:1
 |   |   |- [+] [ 12]
 |   |   |   |- Guid:05CC29944DCC0E52B6366DAE9D6383E0 BaseClass: NativeClass:/Script/Engine.StaticMeshActor Name:StaticMeshActor_UAID_1C6F65927C32E28C01_1576801818 Label:GameMach34 SpatiallyLoaded:1 Bounds:IsValid=true, Min=(X=8021.967 Y=1099.750 Z=-2.632), Max=(X=8360.442 Y=1362.250 Z=605.046) RuntimeGrid:None EditorOnly:0 RuntimeOnly:0 HLODRelevant:1
 |   |   |- [+] [ 13]
 |   |   |   |- Guid:E72E31544E21CC9D1977D5A7C6148BA9 BaseClass: NativeClass:/Script/Engine.StaticMeshActor Name:StaticMeshActor_UAID_1C6F65927C32E28C01_1110570792 Label:GameMach14 SpatiallyLoaded:1 Bounds:IsValid=true, Min=(X=6757.750 Y=-531.442 Z=-2.632), Max=(X=7020.250 Y=-192.967 Z=605.046) RuntimeGrid:None EditorOnly:0 RuntimeOnly:0 HLODRelevant:1
 |   |   |- [+] [ 14]
 |   |   |   |- Guid:64D1000343DC2BEC5E4E3E8E4799EABE BaseClass: NativeClass:/Script/Engine.StaticMeshActor Name:StaticMeshActor_UAID_1C6F65927C32DE8C01_1450522139 Label:SM_Cube10 SpatiallyLoaded:1 Bounds:IsValid=true, Min=(X=5889.780 Y=-572.000 Z=-26.875), Max=(X=5939.780 Y=1190.500 Z=795.000) RuntimeGrid:None EditorOnly:0 RuntimeOnly:0 HLODRelevant:1 FolderPath:Playground FolderGuid:C73F09FC4215536B1DCE2A9E0A830C70
 |   |   |- [+] [ 15]
 |   |   |   |- Guid:EA4AC7A7448CD0A0B3C09E9FB425C99D BaseClass: NativeClass:/Script/Engine.StaticMeshActor Name:StaticMeshActor_UAID_1C6F65927C32E38C01_1420802003 Label:Lights6 SpatiallyLoaded:1 Bounds:IsValid=true, Min=(X=7480.554 Y=834.836 Z=595.847), Max=(X=7874.635 Y=1295.748 Z=784.320) RuntimeGrid:None EditorOnly:0 RuntimeOnly:0 HLODRelevant:1
 |   |   |- [+] [ 16]
 |   |   |   |- Guid:FCD26CA1465E39C9CB1FCFAC3F5ACC38 BaseClass: NativeClass:/Script/Engine.StaticMeshActor Name:StaticMeshActor_UAID_1C6F65927C32E28C01_1319871809 Label:GameMach26 SpatiallyLoaded:1 Bounds:IsValid=true, Min=(X=6647.967 Y=1289.750 Z=-2.632), Max=(X=6986.442 Y=1552.250 Z=605.046) RuntimeGrid:None EditorOnly:0 RuntimeOnly:0 HLODRelevant:1
 |   |   |- [+] [ 17]
 |   |   |   |- Guid:22129E86491A15795FA1A68F39B0062A BaseClass: NativeClass:/Script/Engine.StaticMeshActor Name:StaticMeshActor_UAID_1C6F65927C32DE8C01_1544876141 Label:SM_Cube12 SpatiallyLoaded:1 Bounds:IsValid=true, Min=(X=8362.780 Y=251.000 Z=-26.875), Max=(X=8412.780 Y=2882.250 Z=795.000) RuntimeGrid:None EditorOnly:0 RuntimeOnly:0 HLODRelevant:1 FolderPath:Playground FolderGuid:C73F09FC4215536B1DCE2A9E0A830C70
 |   |   |- [+] [ 18]
 |   |   |   |- Guid:D88D695942A6EEEBE0B7E18536F3BF6B BaseClass: NativeClass:/Script/Engine.StaticMeshActor Name:StaticMeshActor_UAID_1C6F65927C32E08C01_2093861437 Label:GameMach12 SpatiallyLoaded:1 Bounds:IsValid=true, Min=(X=5204.750 Y=221.558 Z=-2.632), Max=(X=5467.250 Y=560.033 Z=605.046) RuntimeGrid:None EditorOnly:0 RuntimeOnly:0 HLODRelevant:1
 |   |   |- [+] [ 19]
 |   |   |   |- Guid:7A4ACE7A40563537B89829B0F86CA0DD BaseClass: NativeClass:/Script/Engine.StaticMeshActor Name:StaticMeshActor_UAID_1C6F65927C32E28C01_1570135817 Label:GameMach33 SpatiallyLoaded:1 Bounds:IsValid=true, Min=(X=8021.967 Y=2031.750 Z=-2.632), Max=(X=8360.442 Y=2294.250 Z=605.046) RuntimeGrid:None EditorOnly:0 RuntimeOnly:0 HLODRelevant:1
 |   |   |- [+] [ 20]
 |   |   |   |- Guid:AE78657C419E569C149922A8B52B1C0E BaseClass: NativeClass:/Script/Engine.StaticMeshActor Name:StaticMeshActor_UAID_1C6F65927C32E28C01_1443657815 Label:GameMach31 SpatiallyLoaded:1 Bounds:IsValid=true, Min=(X=6333.825 Y=620.063 Z=-48.486), Max=(X=7007.072 Y=1046.660 Z=666.322) RuntimeGrid:None EditorOnly:0 RuntimeOnly:0 HLODRelevant:1
 |   |   |- [+] [ 21]
 |   |   |   |- Guid:3D297C804B430994552B31936D4E20F0 BaseClass: NativeClass:/Script/Engine.StaticMeshActor Name:StaticMeshActor_UAID_1C6F65927C32E28C01_1213205805 Label:GameMach23 SpatiallyLoaded:1 Bounds:IsValid=true, Min=(X=7315.750 Y=2480.967 Z=-2.632), Max=(X=7578.250 Y=2819.442 Z=605.046) RuntimeGrid:None EditorOnly:0 RuntimeOnly:0 HLODRelevant:1
 |   |   |- [+] [ 22]
 |   |   |   |- Guid:7B6D087A4FBEBA66395F3089F37C6590 BaseClass: NativeClass:/Script/Engine.PointLight Name:PointLight_UAID_A07817A4AC29117D01_1800686201 Label:PointLight SpatiallyLoaded:1 Bounds:IsValid=true, Min=(X=6691.428 Y=-248.572 Z=-1168.572), Max=(X=10508.572 Y=3568.572 Z=2648.572) RuntimeGrid:None EditorOnly:0 RuntimeOnly:0 HLODRelevant:0
 |   |   |- [+] [ 23]
 |   |   |   |- Guid:1272E5CF4613B8B318FDE78EFAF61CD4 BaseClass: NativeClass:/Script/Engine.StaticMeshActor Name:StaticMeshActor_UAID_1C6F65927C32E08C01_1574407433 Label:GameMach11 SpatiallyLoaded:1 Bounds:IsValid=true, Min=(X=5186.750 Y=1726.967 Z=-2.632), Max=(X=5449.250 Y=2065.442 Z=605.046) RuntimeGrid:None EditorOnly:0 RuntimeOnly:0 HLODRelevant:1
 |   |   |- [+] [ 24]
 |   |   |   |- Guid:544C61DB43A337BB174CA586A367E143 BaseClass: NativeClass:/Script/Engine.StaticMeshActor Name:StaticMeshActor_UAID_1C6F65927C32E28C01_1196966799 Label:GameMach20 SpatiallyLoaded:1 Bounds:IsValid=true, Min=(X=6001.750 Y=2480.967 Z=-2.632), Max=(X=6264.250 Y=2819.442 Z=605.046) RuntimeGrid:None EditorOnly:0 RuntimeOnly:0 HLODRelevant:1
 |   |   |- [+] [ 25]
 |   |   |   |- Guid:1F6237444655E53610FE5DA8691BB07F BaseClass: NativeClass:/Script/Engine.StaticMeshActor Name:StaticMeshActor_UAID_1C6F65927C32E38C01_1292537999 Label:Lights2 SpatiallyLoaded:1 Bounds:IsValid=true, Min=(X=6513.682 Y=390.470 Z=609.847), Max=(X=7088.225 Y=422.808 Z=798.320) RuntimeGrid:None EditorOnly:0 RuntimeOnly:0 HLODRelevant:1
 |   |   |- [+] [ 26]
 |   |   |   |- Guid:333D7E7C4FDA2FD482BA2CBC0817236B BaseClass: NativeClass:/Script/Engine.StaticMeshActor Name:StaticMeshActor_UAID_1C6F65927C32DE8C01_1596136145 Label:SM_Cube17 SpatiallyLoaded:1 Bounds:IsValid=true, Min=(X=8387.780 Y=2119.000 Z=-26.875), Max=(X=9859.655 Y=2169.000 Z=795.000) RuntimeGrid:None EditorOnly:0 RuntimeOnly:0 HLODRelevant:1 FolderPath:Playground FolderGuid:C73F09FC4215536B1DCE2A9E0A830C70
 |   |   |- [+] [ 27]
 |   |   |   |- Guid:E67E3CDA4591EFF1C37E299531F7ED70 BaseClass: NativeClass:/Script/Engine.StaticMeshActor Name:StaticMeshActor_UAID_1C6F65927C32E28C01_1570133816 Label:GameMach32 SpatiallyLoaded:1 Bounds:IsValid=true, Min=(X=8021.967 Y=1580.750 Z=-2.632), Max=(X=8360.442 Y=1843.250 Z=605.046) RuntimeGrid:None EditorOnly:0 RuntimeOnly:0 HLODRelevant:1
 |   |   |- [+] [ 28]
 |   |   |   |- Guid:84CB0EAC46E67ACC899CD29880449141 BaseClass: NativeClass:/Script/Engine.StaticMeshActor Name:StaticMeshActor_UAID_1C6F65927C32E28C01_1196967800 Label:GameMach21 SpatiallyLoaded:1 Bounds:IsValid=true, Min=(X=6429.750 Y=2480.967 Z=-2.632), Max=(X=6692.250 Y=2819.442 Z=605.046) RuntimeGrid:None EditorOnly:0 RuntimeOnly:0 HLODRelevant:1
 |   |   |- [+] [ 29]
 |   |   |   |- Guid:1E2738314A2F31BB612163A26F3EADDF BaseClass: NativeClass:/Script/Engine.StaticMeshActor Name:StaticMeshActor_UAID_1C6F65927C32DE8C01_1555232142 Label:SM_Cube13 SpatiallyLoaded:1 Bounds:IsValid=true, Min=(X=5888.780 Y=-606.000 Z=-26.875), Max=(X=8385.655 Y=-556.000 Z=795.000) RuntimeGrid:None EditorOnly:0 RuntimeOnly:0 HLODRelevant:1 FolderPath:Playground FolderGuid:C73F09FC4215536B1DCE2A9E0A830C70
 |   |   |- [+] [ 30]
 |   |   |   |- Guid:DE90604148F315DCC01879925BF87DD2 BaseClass: NativeClass:/Script/Engine.StaticMeshActor Name:StaticMeshActor_UAID_1C6F65927C32E28C01_1196963798 Label:GameMach19 SpatiallyLoaded:1 Bounds:IsValid=true, Min=(X=6869.750 Y=2480.967 Z=-2.632), Max=(X=7132.250 Y=2819.442 Z=605.046) RuntimeGrid:None EditorOnly:0 RuntimeOnly:0 HLODRelevant:1
 |   |   |- [+] [ 31]
 |   |   |   |- Guid:B8B558704B82EB2829759DA6CD064147 BaseClass: NativeClass:/Script/Engine.StaticMeshActor Name:StaticMeshActor_UAID_1C6F65927C32DE8C01_1562126143 Label:SM_Cube15 SpatiallyLoaded:1 Bounds:IsValid=true, Min=(X=8365.780 Y=-607.000 Z=-26.875), Max=(X=8415.780 Y=-57.000 Z=795.000) RuntimeGrid:None EditorOnly:0 RuntimeOnly:0 HLODRelevant:1 FolderPath:Playground FolderGuid:C73F09FC4215536B1DCE2A9E0A830C70
 |   |   |- [+] [ 32]
 |   |   |   |- Guid:0F85693B45E60E8FE0238087595E607F BaseClass: NativeClass:/Script/Engine.StaticMeshActor Name:StaticMeshActor_UAID_1C6F65927C32E08C01_1267955430 Label:GameMach8 SpatiallyLoaded:1 Bounds:IsValid=true, Min=(X=5592.750 Y=221.558 Z=-2.632), Max=(X=5855.250 Y=560.033 Z=605.046) RuntimeGrid:None EditorOnly:0 RuntimeOnly:0 HLODRelevant:1
 |   |   |- [+] [ 33]
 |   |   |   |- Guid:52CE1C8B46299A1B2A460088F900C1B4 BaseClass: NativeClass:/Script/Engine.StaticMeshActor Name:StaticMeshActor_UAID_1C6F65927C32DF8C01_1133826249 Label:GameMach3 SpatiallyLoaded:1 Bounds:IsValid=true, Min=(X=8805.895 Y=-351.131 Z=-30.552), Max=(X=9085.418 Y=-41.187 Z=502.982) RuntimeGrid:None EditorOnly:0 RuntimeOnly:0 HLODRelevant:1
 |   |   |- [+] [ 34]
 |   |   |   |- Guid:4A0BEF5F47AB70D4F1F76E8A16803464 BaseClass: NativeClass:/Script/Engine.StaticMeshActor Name:StaticMeshActor_UAID_1C6F65927C32E28C01_1115180796 Label:GameMach18 SpatiallyLoaded:1 Bounds:IsValid=true, Min=(X=7554.750 Y=-531.442 Z=-2.632), Max=(X=7817.250 Y=-192.967 Z=605.046) RuntimeGrid:None EditorOnly:0 RuntimeOnly:0 HLODRelevant:1
 |   |   |- [+] [ 35]
 |   |   |   |- Guid:7D7F7B8C458D1DAB4C21A88890545915 BaseClass: NativeClass:/Script/Niagara.NiagaraActor Name:NiagaraActor_UAID_A07817A4AC29648C01_1838682599 Label:BombGlitch_Niagara SpatiallyLoaded:1 Bounds:IsValid=true, Min=(X=4159.000 Y=1259.000 Z=49.000), Max=(X=4161.000 Y=1261.000 Z=51.000) RuntimeGrid:None EditorOnly:0 RuntimeOnly:0 HLODRelevant:0
 |   |   |- [+] [ 36]
 |   |   |   |- Guid:9279998A473371D2D993D59679F6B19C BaseClass: NativeClass:/Script/Engine.StaticMeshActor Name:StaticMeshActor_UAID_1C6F65927C32E08C01_1240835429 Label:GameMach7 SpatiallyLoaded:1 Bounds:IsValid=true, Min=(X=4814.750 Y=221.558 Z=-2.632), Max=(X=5077.250 Y=560.033 Z=605.046) RuntimeGrid:None EditorOnly:0 RuntimeOnly:0 HLODRelevant:1
 |   |   |- [+] [ 37]
 |   |   |   |- Guid:7199FC7F48A25465E5C57B807BEF28B3 BaseClass: NativeClass:/Script/Engine.StaticMeshActor Name:StaticMeshActor_UAID_1C6F65927C32DE8C01_1638434147 Label:SM_Cube19 SpatiallyLoaded:1 Bounds:IsValid=true, Min=(X=8881.780 Y=713.000 Z=-26.875), Max=(X=9872.405 Y=763.000 Z=795.000) RuntimeGrid:None EditorOnly:0 RuntimeOnly:0 HLODRelevant:1 FolderPath:Playground FolderGuid:C73F09FC4215536B1DCE2A9E0A830C70
 |   |   |- [+] [ 38]
 |   |   |   |- Guid:76F8EAEE4E9DD97DFC7D2090F22C4618 BaseClass: NativeClass:/Script/Engine.StaticMeshActor Name:StaticMeshActor_UAID_1C6F65927C32DE8C01_1445824138 Label:SM_Cube9 SpatiallyLoaded:1 Bounds:IsValid=true, Min=(X=5889.780 Y=1456.000 Z=-26.875), Max=(X=5939.780 Y=2871.625 Z=795.000) RuntimeGrid:None EditorOnly:0 RuntimeOnly:0 HLODRelevant:1 FolderPath:Playground FolderGuid:C73F09FC4215536B1DCE2A9E0A830C70
 |   |   |- [+] [ 39]
 |   |   |   |- Guid:CC20F54D43052CD2EA561B8D0D21B55C BaseClass: NativeClass:/Script/Engine.StaticMeshActor Name:StaticMeshActor_UAID_1C6F65927C32E38C01_1296582000 Label:Lights3 SpatiallyLoaded:1 Bounds:IsValid=true, Min=(X=7084.682 Y=390.470 Z=595.847), Max=(X=7659.225 Y=422.808 Z=784.320) RuntimeGrid:None EditorOnly:0 RuntimeOnly:0 HLODRelevant:1
 |   |   |- [+] [ 40]
 |   |   |   |- Guid:66F21A5B4860D2F574F1FB9DB66E54FE BaseClass: NativeClass:/Script/Engine.StaticMeshActor Name:StaticMeshActor_UAID_1C6F65927C32DE8C01_1211873131 Label:SM_Cube3 SpatiallyLoaded:1 Bounds:IsValid=true, Min=(X=3574.780 Y=1409.000 Z=-26.875), Max=(X=4756.030 Y=1459.000 Z=795.000) RuntimeGrid:None EditorOnly:0 RuntimeOnly:0 HLODRelevant:1 FolderPath:Playground FolderGuid:C73F09FC4215536B1DCE2A9E0A830C70
 |   |   |- [+] [ 41]
 |   |   |   |- Guid:1A107DC948483E1D6F05D1BEE67E7B18 BaseClass: NativeClass:/Script/Engine.StaticMeshActor Name:StaticMeshActor_UAID_1C6F65927C32E18C01_1457818614 Label:GameMachGIGACHAD SpatiallyLoaded:1 Bounds:IsValid=true, Min=(X=5083.371 Y=953.067 Z=0.946), Max=(X=5568.505 Y=1424.635 Z=856.276) RuntimeGrid:None EditorOnly:0 RuntimeOnly:0 HLODRelevant:1
 |   |   |- [+] [ 42]
 |   |   |   |- Guid:93B1A8B24935653FE4333EAB738C5FFB BaseClass: NativeClass:/Script/Engine.StaticMeshActor Name:StaticMeshActor_UAID_1C6F65927C32E28C01_1336908812 Label:GameMach29 SpatiallyLoaded:1 Bounds:IsValid=true, Min=(X=7412.558 Y=1299.750 Z=-2.632), Max=(X=7751.033 Y=1562.250 Z=605.046) RuntimeGrid:None EditorOnly:0 RuntimeOnly:0 HLODRelevant:1
 |   |   |- [+] [ 43]
 |   |   |   |- Guid:99924DB34757D1D6BD1FCB97653B58FC BaseClass: NativeClass:/Script/Engine.StaticMeshActor Name:StaticMeshActor_UAID_1C6F65927C32DE8C01_1418714136 Label:SM_Cube8 SpatiallyLoaded:1 Bounds:IsValid=true, Min=(X=4722.780 Y=2093.000 Z=-26.875), Max=(X=5904.030 Y=2143.000 Z=795.000) RuntimeGrid:None EditorOnly:0 RuntimeOnly:0 HLODRelevant:1 FolderPath:Playground FolderGuid:C73F09FC4215536B1DCE2A9E0A830C70
 |   |   |- [+] [ 44]
 |   |   |   |- Guid:24554EDC4AEC342D9281C2A66E3AB1E2 BaseClass: NativeClass:/Script/Engine.StaticMeshActor Name:StaticMeshActor_UAID_1C6F65927C32E28C01_1422354814 Label:GameMach30 SpatiallyLoaded:1 Bounds:IsValid=true, Min=(X=5887.142 Y=647.000 Z=-29.452), Max=(X=6366.495 Y=1065.654 Z=613.218) RuntimeGrid:None EditorOnly:0 RuntimeOnly:0 HLODRelevant:1
 |   |   |- [+] [ 45]
 |   |   |   |- Guid:5B34BB78470E37E16E45E387C72EAD76 BaseClass: NativeClass:/Script/Engine.StaticMeshActor Name:StaticMeshActor_UAID_A07817A4AC29107D01_1298764986 Label:SM_Cube14 SpatiallyLoaded:1 Bounds:IsValid=true, Min=(X=5820.000 Y=-860.000 Z=-50.000), Max=(X=14370.000 Y=3390.000 Z=0.000) RuntimeGrid:None EditorOnly:0 RuntimeOnly:0 HLODRelevant:1 FolderPath:Playground FolderGuid:C73F09FC4215536B1DCE2A9E0A830C70
 |   |   |- [+] [ 46]
 |   |   |   |- Guid:CF61E174474DDFA813B0CAB209AA444D BaseClass: NativeClass:/Script/Engine.StaticMeshActor Name:StaticMeshActor_UAID_1C6F65927C32E28C01_1110567791 Label:GameMach13 SpatiallyLoaded:1 Bounds:IsValid=true, Min=(X=5979.750 Y=-531.442 Z=-2.632), Max=(X=6242.250 Y=-192.967 Z=605.046) RuntimeGrid:None EditorOnly:0 RuntimeOnly:0 HLODRelevant:1
 |   |   |- [+] [ 47]
 |   |   |   |- Guid:CB07657C4519E9626BA9EF9FC2812A42 BaseClass: NativeClass:/Script/Engine.StaticMeshActor Name:StaticMeshActor_UAID_1C6F65927C32DF8C01_1615927252 Label:GameMach6 SpatiallyLoaded:1 Bounds:IsValid=true, Min=(X=8913.786 Y=-83.394 Z=-44.197), Max=(X=9389.251 Y=511.727 Z=483.833) RuntimeGrid:None EditorOnly:0 RuntimeOnly:0 HLODRelevant:1
 |   |   |- [+] [ 48]
 |   |   |   |- Guid:354DAA5047E3D786D718CB86CA02189C BaseClass: NativeClass:/Script/Engine.StaticMeshActor Name:StaticMeshActor_UAID_1C6F65927C32E28C01_1612984821 Label:GameMach36 SpatiallyLoaded:1 Bounds:IsValid=true, Min=(X=6544.928 Y=1821.152 Z=-15.729), Max=(X=7066.209 Y=2477.799 Z=684.779) RuntimeGrid:None EditorOnly:0 RuntimeOnly:0 HLODRelevant:1
 |   |   |- [+] [ 49]
 |   |   |   |- Guid:7AE402834E5CAA43880C5D8AB617DC7C BaseClass: NativeClass:/Script/Engine.StaticMeshActor Name:StaticMeshActor_UAID_1C6F65927C32E28C01_1110572793 Label:GameMach15 SpatiallyLoaded:1 Bounds:IsValid=true, Min=(X=6369.750 Y=-531.442 Z=-2.632), Max=(X=6632.250 Y=-192.967 Z=605.046) RuntimeGrid:None EditorOnly:0 RuntimeOnly:0 HLODRelevant:1
 |   |   |- [+] [ 50]
 |   |   |   |- Guid:AF68C76446DDD33FF0D4FCB842BD6062 BaseClass: NativeClass:/Script/Engine.PointLight Name:PointLight_UAID_A07817A4AC29117D01_1950758204 Label:PointLight3 SpatiallyLoaded:1 Bounds:IsValid=true, Min=(X=4970.389 Y=-1435.951 Z=-1168.572), Max=(X=8787.532 Y=2381.192 Z=2648.572) RuntimeGrid:None EditorOnly:0 RuntimeOnly:0 HLODRelevant:0
 |   |   |- [+] [ 51]
 |   |   |   |- Guid:2FCE6BA44D2C685929289186488C0717 BaseClass: NativeClass:/Script/Engine.StaticMeshActor Name:StaticMeshActor_UAID_1C6F65927C32E28C01_1587453820 Label:GameMachGIGACHAD4 SpatiallyLoaded:1 Bounds:IsValid=true, Min=(X=6928.396 Y=-247.316 Z=0.206), Max=(X=7860.416 Y=450.480 Z=316.047) RuntimeGrid:None EditorOnly:0 RuntimeOnly:0 HLODRelevant:1
 |   |   |- [+] [ 52]
 |   |   |   |- Guid:9F64253440A1466756D78B8C2C346282 BaseClass: NativeClass:/Script/Engine.StaticMeshActor Name:StaticMeshActor_UAID_1C6F65927C32E38C01_1402480002 Label:Lights5 SpatiallyLoaded:1 Bounds:IsValid=true, Min=(X=7848.554 Y=400.836 Z=595.847), Max=(X=8242.635 Y=861.748 Z=784.320) RuntimeGrid:None EditorOnly:0 RuntimeOnly:0 HLODRelevant:1
 |   |   |- [+] [ 53]
 |   |   |   |- Guid:DA176C244A2E70A1F7A213AB43B244B5 BaseClass: NativeClass:/Script/Engine.StaticMeshActor Name:StaticMeshActor_UAID_1C6F65927C32DE8C01_1349132132 Label:SM_Cube4 SpatiallyLoaded:1 Bounds:IsValid=true, Min=(X=3574.780 Y=785.000 Z=-26.875), Max=(X=4756.030 Y=835.000 Z=795.000) RuntimeGrid:None EditorOnly:0 RuntimeOnly:0 HLODRelevant:1 FolderPath:Playground FolderGuid:C73F09FC4215536B1DCE2A9E0A830C70
 |   |   |- [+] [ 54]
 |   |   |   |- Guid:D40E449048B4DDACEB1C7A8BE03CE16B BaseClass: NativeClass:/Script/Engine.PointLight Name:PointLight_UAID_A07817A4AC29008801_1441939775 Label:PointLight4 SpatiallyLoaded:1 Bounds:IsValid=true, Min=(X=3369.103 Y=-1435.951 Z=-1168.572), Max=(X=7186.246 Y=2381.192 Z=2648.572) RuntimeGrid:None EditorOnly:0 RuntimeOnly:0 HLODRelevant:0
 |   |   |- [+] [ 55]
 |   |   |   |- Guid:DFC227C24C9C216F1AEE13966C66E8C2 BaseClass:/Game/Characters/Skills/BP_VisionActor.BP_VisionActor_C NativeClass:/Script/Engine.Actor Name:BP_VisionActor_C_UAID_A07817A4AC29598A01_1897543551 Label:BP_VisionActor SpatiallyLoaded:1 Bounds:IsValid=true, Min=(X=13683.326 Y=2133.854 Z=-14.971), Max=(X=13827.810 Y=2278.338 Z=129.514) RuntimeGrid:None EditorOnly:0 RuntimeOnly:0 HLODRelevant:0
 |   |   |- [+] [ 56]
 |   |   |   |- Guid:8833D11B44BE7644A0BA158CD2CA5922 BaseClass: NativeClass:/Script/Engine.PlayerStart Name:PlayerStart_0 Label:PlayerStart SpatiallyLoaded:0 Bounds:IsValid=true, Min=(X=3105.318 Y=1221.724 Z=0.013), Max=(X=3185.318 Y=1301.724 Z=184.013) RuntimeGrid:None EditorOnly:0 RuntimeOnly:0 HLODRelevant:0
 |   |   |- [+] [ 57]
 |   |   |   |- Guid:6591DA45492CD0F5A5D0FCBF40A01AE8 BaseClass:/Game/Characters/Skills/BP_SplineGlitch.BP_SplineGlitch_C NativeClass:/Script/Engine.Actor Name:BP_SplineGlitch_C_UAID_A07817A4AC29EE8301_1773309383 Label:BP_SplineGlitch SpatiallyLoaded:1 Bounds:IsValid=true, Min=(X=2818.899 Y=1725.389 Z=-506.000), Max=(X=4259.371 Y=2881.767 Z=646.000) RuntimeGrid:None EditorOnly:0 RuntimeOnly:0 HLODRelevant:0
 |   |   |- [+] [ 58]
 |   |   |   |- Guid:6A4601BE4E1067B454C83CA720D2DCB8 BaseClass: NativeClass:/Script/Engine.StaticMeshActor Name:StaticMeshActor_UAID_1C6F65927C32E28C01_1303382806 Label:GameMach22 SpatiallyLoaded:1 Bounds:IsValid=true, Min=(X=6719.750 Y=893.967 Z=-2.632), Max=(X=6982.250 Y=1232.442 Z=605.046) RuntimeGrid:None EditorOnly:0 RuntimeOnly:0 HLODRelevant:1
 |   |   |- [+] [ 59]
 |   |   |   |- Guid:D356DB65470A9D2710D8EFBC0EE71D35 BaseClass: NativeClass:/Script/Engine.PointLight Name:PointLight_UAID_A07817A4AC29117D01_1860139202 Label:PointLight2 SpatiallyLoaded:1 Bounds:IsValid=true, Min=(X=3961.391 Y=-161.763 Z=-1083.896), Max=(X=7778.534 Y=3655.380 Z=2733.247) RuntimeGrid:None EditorOnly:0 RuntimeOnly:0 HLODRelevant:0
 |   |   |- [+] [ 60]
 |   |   |   |- Guid:E59DD2AA44B070F5F0954CB29DE1A45E BaseClass: NativeClass:/Script/Engine.StaticMeshActor Name:StaticMeshActor_UAID_1C6F65927C32E28C01_1115175794 Label:GameMach16 SpatiallyLoaded:1 Bounds:IsValid=true, Min=(X=7164.750 Y=-531.442 Z=-2.632), Max=(X=7427.250 Y=-192.967 Z=605.046) RuntimeGrid:None EditorOnly:0 RuntimeOnly:0 HLODRelevant:1
 |   |   |- [+] [ 61]
 |   |   |   |- Guid:3AE714E9418A34F4F09BB18D3707EAA6 BaseClass: NativeClass:/Script/Engine.StaticMeshActor Name:StaticMeshActor_UAID_1C6F65927C32DE8C01_1436782137 Label:SM_Cube6 SpatiallyLoaded:1 Bounds:IsValid=true, Min=(X=4717.780 Y=139.000 Z=-26.875), Max=(X=4767.780 Y=829.625 Z=795.000) RuntimeGrid:None EditorOnly:0 RuntimeOnly:0 HLODRelevant:1 FolderPath:Playground FolderGuid:C73F09FC4215536B1DCE2A9E0A830C70
 |   |   |- [+] [ 62]
 |   |   |   |- Guid:EE17A9314DAE70ED85B804AA107FD531 BaseClass: NativeClass:/Script/Engine.StaticMeshActor Name:StaticMeshActor_UAID_1C6F65927C32DF8C01_1130470248 Label:GameMach2 SpatiallyLoaded:1 Bounds:IsValid=true, Min=(X=9180.895 Y=-351.131 Z=-30.552), Max=(X=9460.418 Y=-41.187 Z=502.982) RuntimeGrid:None EditorOnly:0 RuntimeOnly:0 HLODRelevant:1
 |   |   |- [+] [ 63]
 |   |   |   |- Guid:F527E31C4BFFB0813FC956BAE33C9227 BaseClass: NativeClass:/Script/Engine.StaticMeshActor Name:StaticMeshActor_UAID_1C6F65927C32DE8C01_1372735133 Label:SM_Cube5 SpatiallyLoaded:1 Bounds:IsValid=true, Min=(X=4717.780 Y=1413.000 Z=-26.875), Max=(X=4767.780 Y=2103.625 Z=795.000) RuntimeGrid:None EditorOnly:0 RuntimeOnly:0 HLODRelevant:1 FolderPath:Playground FolderGuid:C73F09FC4215536B1DCE2A9E0A830C70
 |   |   |- [+] [ 64]
 |   |   |   |- Guid:E0AE26BF4B6272AC799D68873E2F94A3 BaseClass: NativeClass:/Script/Engine.StaticMeshActor Name:StaticMeshActor_UAID_1C6F65927C32DE8C01_1603092146 Label:SM_Cube18 SpatiallyLoaded:1 Bounds:IsValid=true, Min=(X=9828.780 Y=-429.000 Z=-26.875), Max=(X=9878.780 Y=2167.875 Z=795.000) RuntimeGrid:None EditorOnly:0 RuntimeOnly:0 HLODRelevant:1 FolderPath:Playground FolderGuid:C73F09FC4215536B1DCE2A9E0A830C70
 |   |   |- [+] [ 65]
 |   |   |   |- Guid:2A0E01984E0DBE4582A5979791FDC7CE BaseClass: NativeClass:/Script/Engine.StaticMeshActor Name:StaticMeshActor_UAID_1C6F65927C32E38C01_1434947004 Label:Lights7 SpatiallyLoaded:1 Bounds:IsValid=true, Min=(X=7115.554 Y=1266.836 Z=611.847), Max=(X=7509.635 Y=1727.748 Z=800.320) RuntimeGrid:None EditorOnly:0 RuntimeOnly:0 HLODRelevant:1
 |   |   |- [+] [ 66]
 |   |   |   |- Guid:B01BF2414ED914D16166EF86EF183F62 BaseClass: NativeClass:/Script/Engine.StaticMeshActor Name:StaticMeshActor_UAID_1C6F65927C32DF8C01_1604226251 Label:GameMach5 SpatiallyLoaded:1 Bounds:IsValid=true, Min=(X=9551.582 Y=395.187 Z=-30.552), Max=(X=9831.105 Y=705.131 Z=502.982) RuntimeGrid:None EditorOnly:0 RuntimeOnly:0 HLODRelevant:1
 |   |   |- [+] [ 67]
 |   |   |   |- Guid:AF46763C49DC04C6E66825AC7AE51727 BaseClass: NativeClass:/Script/Engine.DirectionalLight Name:DirectionalLight_0 Label:DirectionalLight SpatiallyLoaded:0 Bounds:IsValid=true, Min=(X=-4398046511104.000 Y=-4398046511104.000 Z=-4398046511104.000), Max=(X=4398046511104.000 Y=4398046511104.000 Z=4398046511104.000) RuntimeGrid:None EditorOnly:0 RuntimeOnly:0 HLODRelevant:0 FolderPath:Lighting FolderGuid:963EC3EB4002CCE9759E2EBA541A873A
 |   |   |- [+] [ 68]
 |   |   |   |- Guid:29C2911540520CAB756F36B78CB4AEDD BaseClass: NativeClass:/Script/Engine.StaticMeshActor Name:StaticMeshActor_UAID_1C6F65927C32E28C01_1331307810 Label:GameMach27 SpatiallyLoaded:1 Bounds:IsValid=true, Min=(X=6647.967 Y=1608.750 Z=-2.632), Max=(X=6986.442 Y=1871.250 Z=605.046) RuntimeGrid:None EditorOnly:0 RuntimeOnly:0 HLODRelevant:1
 |   |   |- [+] [ 69]
 |   |   |   |- Guid:8DCB2F934375A875DEA463A7F275A005 BaseClass: NativeClass:/Script/Engine.StaticMeshActor Name:StaticMeshActor_UAID_1C6F65927C32E28C01_1309181808 Label:GameMach25 SpatiallyLoaded:1 Bounds:IsValid=true, Min=(X=7388.750 Y=893.967 Z=-2.632), Max=(X=7651.250 Y=1232.442 Z=605.046) RuntimeGrid:None EditorOnly:0 RuntimeOnly:0 HLODRelevant:1
 |   |   |- [+] [ 70]
 |   |   |   |- Guid:7F0F81DE4C40FF954C768FB1F19EFBAA BaseClass: NativeClass:/Script/Engine.StaticMeshActor Name:StaticMeshActor_UAID_1C6F65927C32DE8C01_1585341144 Label:SM_Cube16 SpatiallyLoaded:1 Bounds:IsValid=true, Min=(X=8387.780 Y=-421.000 Z=-26.875), Max=(X=9859.655 Y=-371.000 Z=795.000) RuntimeGrid:None EditorOnly:0 RuntimeOnly:0 HLODRelevant:1 FolderPath:Playground FolderGuid:C73F09FC4215536B1DCE2A9E0A830C70
 |   |   |- [+] [ 71]
 |   |   |   |- Guid:7FC9E59B4489506C0F238B9BE4B90B85 BaseClass: NativeClass:/Script/Engine.StaticMeshActor Name:StaticMeshActor_UAID_1C6F65927C32E28C01_1115178795 Label:GameMach17 SpatiallyLoaded:1 Bounds:IsValid=true, Min=(X=7942.750 Y=-531.442 Z=-2.632), Max=(X=8205.250 Y=-192.967 Z=605.046) RuntimeGrid:None EditorOnly:0 RuntimeOnly:0 HLODRelevant:1
 |   |   |- [+] [ 72]
 |   |   |   |- Guid:9C6FD16142AA8816F31CACA6B411A59E BaseClass: NativeClass:/Script/Engine.StaticMeshActor Name:StaticMeshActor_UAID_1C6F65927C32E08C01_1274329431 Label:GameMach9 SpatiallyLoaded:1 Bounds:IsValid=true, Min=(X=5592.750 Y=1726.967 Z=-2.632), Max=(X=5855.250 Y=2065.442 Z=605.046) RuntimeGrid:None EditorOnly:0 RuntimeOnly:0 HLODRelevant:1
 |   |   |- [+] [ 73]
 |   |   |   |- Guid:E0611FD14DCFBE6A1A06758E94AC07C6 BaseClass: NativeClass:/Script/Engine.PostProcessVolume Name:PostProcessVolume_0 Label:PostProcessVolume SpatiallyLoaded:0 Bounds:IsValid=true, Min=(X=2626.505 Y=0.000 Z=400.000), Max=(X=2826.505 Y=200.000 Z=600.000) RuntimeGrid:None EditorOnly:0 RuntimeOnly:0 HLODRelevant:0 FolderPath:Lighting FolderGuid:963EC3EB4002CCE9759E2EBA541A873A
 |   |   |- [+] [ 74]
 |   |   |   |- Guid:A2805F1B44645CF83FB11DBA2CE62D31 BaseClass: NativeClass:/Script/Engine.StaticMeshActor Name:StaticMeshActor_UAID_1C6F65927C32E08C01_1285219432 Label:GameMach10 SpatiallyLoaded:1 Bounds:IsValid=true, Min=(X=4798.750 Y=1726.967 Z=-2.632), Max=(X=5061.250 Y=2065.442 Z=605.046) RuntimeGrid:None EditorOnly:0 RuntimeOnly:0 HLODRelevant:1
 |   |   |- [+] [ 75]
 |   |   |   |- Guid:7762D5A245F2420B99DFD7B5E31E0E18 BaseClass:/Game/ThirdPerson/Blueprints/BP_ThirdPersonCharacter.BP_ThirdPersonCharacter_C NativeClass:/Script/Engine.Character Name:BP_ThirdPersonCharacter_C_UAID_A07817A4AC292B8801_1222306343 Label:BP_ThirdPersonCharacter SpatiallyLoaded:1 Bounds:IsValid=true, Min=(X=3591.308 Y=1043.618 Z=-77.823), Max=(X=3930.848 Y=1203.618 Z=202.188) RuntimeGrid:None EditorOnly:0 RuntimeOnly:0 HLODRelevant:0
 |   |   |- [+] [ 76]
 |   |   |   |- Guid:D85F90834782302E2FA76BAC6EB47063 BaseClass: NativeClass:/Script/Engine.StaticMeshActor Name:StaticMeshActor_UAID_1C6F65927C32E38C01_1396492001 Label:Lights4 SpatiallyLoaded:1 Bounds:IsValid=true, Min=(X=7651.682 Y=390.470 Z=595.847), Max=(X=8226.225 Y=422.808 Z=784.320) RuntimeGrid:None EditorOnly:0 RuntimeOnly:0 HLODRelevant:1
 |   |   |- [+] [ 77]
 |   |   |   |- Guid:2B9F2DCD4AA24ABCED616697A597CB6D BaseClass: NativeClass:/Script/Engine.StaticMeshActor Name:StaticMeshActor_UAID_1C6F65927C32E28C01_1303385807 Label:GameMach24 SpatiallyLoaded:1 Bounds:IsValid=true, Min=(X=7054.750 Y=893.967 Z=-2.632), Max=(X=7317.250 Y=1232.442 Z=605.046) RuntimeGrid:None EditorOnly:0 RuntimeOnly:0 HLODRelevant:1
 |   |   |- [+] [ 78]
 |   |   |   |- Guid:848BC51847385B8EBFAD628B57E9B724 BaseClass: NativeClass:/Script/Engine.PointLight Name:PointLight_UAID_A07817A4AC29117D01_2035460206 Label:PointLight5 SpatiallyLoaded:1 Bounds:IsValid=true, Min=(X=7931.598 Y=-2511.516 Z=-2081.700), Max=(X=13714.997 Y=3271.883 Z=3701.700) RuntimeGrid:None EditorOnly:0 RuntimeOnly:0 HLODRelevant:0
 |   |   |- [+] [ 79]
 |   |   |   |- Guid:9F11D93F49CE0F1DA6648AB52BEA5E95 BaseClass: NativeClass:/Script/Engine.StaticMeshActor Name:StaticMeshActor_UAID_1C6F65927C32E28C01_1127741797 Label:GameMachGIGACHAD2 SpatiallyLoaded:1 Bounds:IsValid=true, Min=(X=7841.495 Y=2341.365 Z=0.946), Max=(X=8326.629 Y=2812.933 Z=856.276) RuntimeGrid:None EditorOnly:0 RuntimeOnly:0 HLODRelevant:1
 |   |   |- [+] [ 80]
 |   |   |   |- Guid:060843E545ED1E0097D3FE8C23F1EDBE BaseClass: NativeClass:/Script/Engine.StaticMeshActor Name:StaticMeshActor_UAID_1C6F65927C32E28C01_1360694813 Label:GameMachGIGACHAD3 SpatiallyLoaded:1 Bounds:IsValid=true, Min=(X=7041.206 Y=1608.605 Z=0.946), Max=(X=7357.047 Y=1979.690 Z=856.276) RuntimeGrid:None EditorOnly:0 RuntimeOnly:0 HLODRelevant:1
 |- ContainerInstances:
 |- [+] MainContainer:
 |   |-        ID: 0x0000000000000000
 |   |-    Bounds: IsValid=false, Min=(X=0.000 Y=0.000 Z=0.000), Max=(X=0.000 Y=0.000 Z=0.000)
 |   |- Transform: 0.000000,0.000000,0.000000|0.000000,0.000000,-0.000000|1.000000,1.000000,1.000000
 |   |- Container: /Game/ThirdPerson/Maps/gameroom20
----------------------------------------------------------------------------------------------------------------
gameroom20 - Persistent Level
----------------------------------------------------------------------------------------------------------------
Always loaded Actor Count: 88 

----------------------------------------------------------------------------------------------------------------
gameroom20 - Runtime Spatial Hash - Streaming Grid - MainGrid
----------------------------------------------------------------------------------------------------------------
            Origin: X=0.000 Y=0.000 Z=0.000
         Cell Size: 12800
      World Bounds: IsValid=false, Min=(X=0.000 Y=0.000 Z=0.000), Max=(X=0.000 Y=0.000 Z=0.000)
     Loading Range: 25600.00
Block Slow Loading: No
 ClientOnlyVisible: No

[+] Grid Levels: 1
 |- Level  0: Cell Count    0 | Cell Size   12800 | Actor Count    0 (0.0%)

[+] Content of Grid Level 0

