[+] Containers:
 |- [+] Container: /Game/ThirdPerson/Maps/gameroom20
 |   |- [+] ActorDescs:
 |   |   |- Guid:0AC8B313493BBEC9BF0B10B27B304A0F BaseClass: NativeClass:/Script/Engine.PointLight Name:PointLight_UAID_A07817A4AC29127D01_1351070390 Label:PointLight7 SpatiallyLoaded:1 Bounds:IsValid=true, Min=(X=7792.776 Y=-1127.224 Z=-487.224), Max=(X=10387.224 Y=1467.224 Z=2107.224) RuntimeGrid:None EditorOnly:0 RuntimeOnly:0 HLODRelevant:0
 |   |   |- Guid:0C3EFECE4AEAB7DC3A1BF0BF374B4AB0 BaseClass:/Game/LevelPrototyping/Puzzle_Shadow/BP_PuzzleShadow.BP_PuzzleShadow_C NativeClass:/Script/Engine.Actor Name:BP_PuzzleShadow_C_UAID_A07817A4AC29028501_2051714959 Label:BP_PuzzleShadow SpatiallyLoaded:1 Bounds:IsValid=true, Min=(X=5240.000 Y=-80.000 Z=190.000), Max=(X=5315.000 Y=-5.000 Z=265.000) RuntimeGrid:None EditorOnly:0 RuntimeOnly:0 HLODRelevant:0
 |   |   |- Guid:34C561074D38F5F7F67688BED9B1D42D BaseClass: NativeClass:/Script/Engine.PointLight Name:PointLight_UAID_A07817A4AC29127D01_1330316389 Label:PointLight6 SpatiallyLoaded:1 Bounds:IsValid=true, Min=(X=7792.776 Y=1112.776 Z=-487.224), Max=(X=10387.224 Y=3707.224 Z=2107.224) RuntimeGrid:None EditorOnly:0 RuntimeOnly:0 HLODRelevant:0
 |   |   |- Guid:38049F264E0D0D6C63F10DA5F64B3429 BaseClass: NativeClass:/Script/Engine.CameraActor Name:CameraActor_UAID_A07817A4AC290E8501_1149220071 Label:CameraActor2 SpatiallyLoaded:1 Bounds:IsValid=true, Min=(X=5262.917 Y=1837.583 Z=145.189), Max=(X=5262.917 Y=1837.583 Z=145.189) RuntimeGrid:None EditorOnly:0 RuntimeOnly:0 HLODRelevant:0
 |   |   |- Guid:5B34BB78470E37E16E45E387C72EAD76 BaseClass: NativeClass:/Script/Engine.StaticMeshActor Name:StaticMeshActor_UAID_A07817A4AC29107D01_1298764986 Label:SM_Cube14 SpatiallyLoaded:1 Bounds:IsValid=true, Min=(X=5820.000 Y=-860.000 Z=-50.000), Max=(X=14370.000 Y=3390.000 Z=0.000) RuntimeGrid:None EditorOnly:0 RuntimeOnly:0 HLODRelevant:1 FolderPath:Playground FolderGuid:C73F09FC4215536B1DCE2A9E0A830C70
 |   |   |- Guid:64A1121544F5F2088FE0DC81F1738A31 BaseClass: NativeClass:/Script/Engine.SpotLight Name:SpotLight_UAID_A07817A4AC29058501_1324017490 Label:SpotLight SpatiallyLoaded:1 Bounds:IsValid=true, Min=(X=4513.602 Y=-969.494 Z=-529.747), Max=(X=6033.096 Y=550.000 Z=989.747) RuntimeGrid:None EditorOnly:0 RuntimeOnly:0 HLODRelevant:0
 |   |   |- Guid:6591DA45492CD0F5A5D0FCBF40A01AE8 BaseClass:/Game/Characters/Skills/BP_SplineGlitch.BP_SplineGlitch_C NativeClass:/Script/Engine.Actor Name:BP_SplineGlitch_C_UAID_A07817A4AC29EE8301_1773309383 Label:BP_SplineGlitch SpatiallyLoaded:1 Bounds:IsValid=true, Min=(X=2818.899 Y=1725.389 Z=-506.000), Max=(X=4259.371 Y=2881.767 Z=646.000) RuntimeGrid:None EditorOnly:0 RuntimeOnly:0 HLODRelevant:0
 |   |   |- Guid:6BAE028F4430D9CC75B41A8E00C19411 BaseClass: NativeClass:/Script/Engine.StaticMeshActor Name:StaticMeshActor_UAID_1C6F65927C32DE8C01_1180947130 Label:SM_Cube2 SpatiallyLoaded:1 Bounds:IsValid=true, Min=(X=3574.780 Y=802.000 Z=-23.875), Max=(X=4756.030 Y=852.000 Z=673.000) RuntimeGrid:None EditorOnly:0 RuntimeOnly:0 HLODRelevant:1 FolderPath:Playground FolderGuid:C73F09FC4215536B1DCE2A9E0A830C70
 |   |   |- Guid:7762D5A245F2420B99DFD7B5E31E0E18 BaseClass:/Game/ThirdPerson/Blueprints/BP_ThirdPersonCharacter.BP_ThirdPersonCharacter_C NativeClass:/Script/Engine.Character Name:BP_ThirdPersonCharacter_C_UAID_A07817A4AC292B8801_1222306343 Label:BP_ThirdPersonCharacter SpatiallyLoaded:1 Bounds:IsValid=true, Min=(X=3591.308 Y=1043.618 Z=-77.823), Max=(X=3930.848 Y=1203.618 Z=202.188) RuntimeGrid:None EditorOnly:0 RuntimeOnly:0 HLODRelevant:0
 |   |   |- Guid:7B6D087A4FBEBA66395F3089F37C6590 BaseClass: NativeClass:/Script/Engine.PointLight Name:PointLight_UAID_A07817A4AC29117D01_1800686201 Label:PointLight SpatiallyLoaded:1 Bounds:IsValid=true, Min=(X=6691.428 Y=-248.572 Z=-1168.572), Max=(X=10508.572 Y=3568.572 Z=2648.572) RuntimeGrid:None EditorOnly:0 RuntimeOnly:0 HLODRelevant:0
 |   |   |- Guid:7D7F7B8C458D1DAB4C21A88890545915 BaseClass: NativeClass:/Script/Niagara.NiagaraActor Name:NiagaraActor_UAID_A07817A4AC29648C01_1838682599 Label:BombGlitch_Niagara SpatiallyLoaded:1 Bounds:IsValid=true, Min=(X=4159.000 Y=1259.000 Z=49.000), Max=(X=4161.000 Y=1261.000 Z=51.000) RuntimeGrid:None EditorOnly:0 RuntimeOnly:0 HLODRelevant:0
 |   |   |- Guid:84811900424EF001B3E9469F48A389F7 BaseClass: NativeClass:/Script/Engine.SpotLight Name:SpotLight_UAID_A07817A4AC290B8501_1190616543 Label:SpotLight2 SpatiallyLoaded:1 Bounds:IsValid=true, Min=(X=4513.602 Y=1327.574 Z=-529.747), Max=(X=6033.096 Y=2847.067 Z=989.747) RuntimeGrid:None EditorOnly:0 RuntimeOnly:0 HLODRelevant:0
 |   |   |- Guid:848BC51847385B8EBFAD628B57E9B724 BaseClass: NativeClass:/Script/Engine.PointLight Name:PointLight_UAID_A07817A4AC29117D01_2035460206 Label:PointLight5 SpatiallyLoaded:1 Bounds:IsValid=true, Min=(X=7931.598 Y=-2511.516 Z=-2081.700), Max=(X=13714.997 Y=3271.883 Z=3701.700) RuntimeGrid:None EditorOnly:0 RuntimeOnly:0 HLODRelevant:0
 |   |   |- Guid:8833D11B44BE7644A0BA158CD2CA5922 BaseClass: NativeClass:/Script/Engine.PlayerStart Name:PlayerStart_0 Label:PlayerStart SpatiallyLoaded:0 Bounds:IsValid=true, Min=(X=3105.318 Y=1221.724 Z=0.013), Max=(X=3185.318 Y=1301.724 Z=184.013) RuntimeGrid:None EditorOnly:0 RuntimeOnly:0 HLODRelevant:0
 |   |   |- Guid:8ACC5044468BD1F188A15A80E9D7E507 BaseClass:/Game/Characters/Skills/BP_DashActor.BP_DashActor_C NativeClass:/Script/Engine.Actor Name:BP_DashActor_C_UAID_A07817A4AC29FE8701_1848666423 Label:BP_DashActor SpatiallyLoaded:1 Bounds:IsValid=true, Min=(X=13662.857 Y=1969.412 Z=20.580), Max=(X=13766.857 Y=2073.412 Z=124.580) RuntimeGrid:None EditorOnly:0 RuntimeOnly:0 HLODRelevant:0
 |   |   |- Guid:AF46763C49DC04C6E66825AC7AE51727 BaseClass: NativeClass:/Script/Engine.DirectionalLight Name:DirectionalLight_0 Label:DirectionalLight SpatiallyLoaded:0 Bounds:IsValid=true, Min=(X=-4398046511104.000 Y=-4398046511104.000 Z=-4398046511104.000), Max=(X=4398046511104.000 Y=4398046511104.000 Z=4398046511104.000) RuntimeGrid:None EditorOnly:0 RuntimeOnly:0 HLODRelevant:0 FolderPath:Lighting FolderGuid:963EC3EB4002CCE9759E2EBA541A873A
 |   |   |- Guid:AF68C76446DDD33FF0D4FCB842BD6062 BaseClass: NativeClass:/Script/Engine.PointLight Name:PointLight_UAID_A07817A4AC29117D01_1950758204 Label:PointLight3 SpatiallyLoaded:1 Bounds:IsValid=true, Min=(X=4970.389 Y=-1435.951 Z=-1168.572), Max=(X=8787.532 Y=2381.192 Z=2648.572) RuntimeGrid:None EditorOnly:0 RuntimeOnly:0 HLODRelevant:0
 |   |   |- Guid:CD493D874A18641CE1E8D3ABC26554F7 BaseClass: NativeClass:/Script/Engine.WorldDataLayers Name:WorldDataLayers Label:WorldDataLayers SpatiallyLoaded:0 Bounds:IsValid=true, Min=(X=0.000 Y=0.000 Z=0.000), Max=(X=0.000 Y=0.000 Z=0.000) RuntimeGrid:None EditorOnly:0 RuntimeOnly:0 HLODRelevant:0
 |   |   |- Guid:D356DB65470A9D2710D8EFBC0EE71D35 BaseClass: NativeClass:/Script/Engine.PointLight Name:PointLight_UAID_A07817A4AC29117D01_1860139202 Label:PointLight2 SpatiallyLoaded:1 Bounds:IsValid=true, Min=(X=3961.391 Y=-161.763 Z=-1083.896), Max=(X=7778.534 Y=3655.380 Z=2733.247) RuntimeGrid:None EditorOnly:0 RuntimeOnly:0 HLODRelevant:0
 |   |   |- Guid:D40E449048B4DDACEB1C7A8BE03CE16B BaseClass: NativeClass:/Script/Engine.PointLight Name:PointLight_UAID_A07817A4AC29008801_1441939775 Label:PointLight4 SpatiallyLoaded:1 Bounds:IsValid=true, Min=(X=3369.103 Y=-1435.951 Z=-1168.572), Max=(X=7186.246 Y=2381.192 Z=2648.572) RuntimeGrid:None EditorOnly:0 RuntimeOnly:0 HLODRelevant:0
 |   |   |- Guid:DFC227C24C9C216F1AEE13966C66E8C2 BaseClass:/Game/Characters/Skills/BP_VisionActor.BP_VisionActor_C NativeClass:/Script/Engine.Actor Name:BP_VisionActor_C_UAID_A07817A4AC29598A01_1897543551 Label:BP_VisionActor SpatiallyLoaded:1 Bounds:IsValid=true, Min=(X=13683.326 Y=2133.854 Z=-14.971), Max=(X=13827.810 Y=2278.338 Z=129.514) RuntimeGrid:None EditorOnly:0 RuntimeOnly:0 HLODRelevant:0
 |   |   |- Guid:E0611FD14DCFBE6A1A06758E94AC07C6 BaseClass: NativeClass:/Script/Engine.PostProcessVolume Name:PostProcessVolume_0 Label:PostProcessVolume SpatiallyLoaded:0 Bounds:IsValid=true, Min=(X=2626.505 Y=0.000 Z=400.000), Max=(X=2826.505 Y=200.000 Z=600.000) RuntimeGrid:None EditorOnly:0 RuntimeOnly:0 HLODRelevant:0 FolderPath:Lighting FolderGuid:963EC3EB4002CCE9759E2EBA541A873A
 |   |   |- Guid:E091B4C245DF6FA6302696993C40B179 BaseClass: NativeClass:/Script/Engine.StaticMeshActor Name:StaticMeshActor_1 Label:SM_Cube SpatiallyLoaded:1 Bounds:IsValid=true, Min=(X=2180.780 Y=-670.000 Z=-50.000), Max=(X=5830.780 Y=3580.000 Z=0.000) RuntimeGrid:None EditorOnly:0 RuntimeOnly:0 HLODRelevant:1 FolderPath:Playground FolderGuid:C73F09FC4215536B1DCE2A9E0A830C70
 |   |   |- Guid:F7426F394B7836864BF1ABAD17911E28 BaseClass: NativeClass:/Script/Engine.PointLight Name:PointLight_UAID_1C6F65927C32F28701_1391224387 Label:PointLight8 SpatiallyLoaded:1 Bounds:IsValid=true, Min=(X=9892.776 Y=1112.776 Z=-487.224), Max=(X=12487.224 Y=3707.224 Z=2107.224) RuntimeGrid:None EditorOnly:0 RuntimeOnly:0 HLODRelevant:0
 |   |- [+] Clusters:
 |   |   |- [+] [  0]
 |   |   |   |- Guid:8ACC5044468BD1F188A15A80E9D7E507 BaseClass:/Game/Characters/Skills/BP_DashActor.BP_DashActor_C NativeClass:/Script/Engine.Actor Name:BP_DashActor_C_UAID_A07817A4AC29FE8701_1848666423 Label:BP_DashActor SpatiallyLoaded:1 Bounds:IsValid=true, Min=(X=13662.857 Y=1969.412 Z=20.580), Max=(X=13766.857 Y=2073.412 Z=124.580) RuntimeGrid:None EditorOnly:0 RuntimeOnly:0 HLODRelevant:0
 |   |   |- [+] [  1]
 |   |   |   |- Guid:F7426F394B7836864BF1ABAD17911E28 BaseClass: NativeClass:/Script/Engine.PointLight Name:PointLight_UAID_1C6F65927C32F28701_1391224387 Label:PointLight8 SpatiallyLoaded:1 Bounds:IsValid=true, Min=(X=9892.776 Y=1112.776 Z=-487.224), Max=(X=12487.224 Y=3707.224 Z=2107.224) RuntimeGrid:None EditorOnly:0 RuntimeOnly:0 HLODRelevant:0
 |   |   |- [+] [  2]
 |   |   |   |- Guid:CD493D874A18641CE1E8D3ABC26554F7 BaseClass: NativeClass:/Script/Engine.WorldDataLayers Name:WorldDataLayers Label:WorldDataLayers SpatiallyLoaded:0 Bounds:IsValid=true, Min=(X=0.000 Y=0.000 Z=0.000), Max=(X=0.000 Y=0.000 Z=0.000) RuntimeGrid:None EditorOnly:0 RuntimeOnly:0 HLODRelevant:0
 |   |   |- [+] [  3]
 |   |   |   |- Guid:E091B4C245DF6FA6302696993C40B179 BaseClass: NativeClass:/Script/Engine.StaticMeshActor Name:StaticMeshActor_1 Label:SM_Cube SpatiallyLoaded:1 Bounds:IsValid=true, Min=(X=2180.780 Y=-670.000 Z=-50.000), Max=(X=5830.780 Y=3580.000 Z=0.000) RuntimeGrid:None EditorOnly:0 RuntimeOnly:0 HLODRelevant:1 FolderPath:Playground FolderGuid:C73F09FC4215536B1DCE2A9E0A830C70
 |   |   |- [+] [  4]
 |   |   |   |- Guid:34C561074D38F5F7F67688BED9B1D42D BaseClass: NativeClass:/Script/Engine.PointLight Name:PointLight_UAID_A07817A4AC29127D01_1330316389 Label:PointLight6 SpatiallyLoaded:1 Bounds:IsValid=true, Min=(X=7792.776 Y=1112.776 Z=-487.224), Max=(X=10387.224 Y=3707.224 Z=2107.224) RuntimeGrid:None EditorOnly:0 RuntimeOnly:0 HLODRelevant:0
 |   |   |- [+] [  5]
 |   |   |   |- Guid:38049F264E0D0D6C63F10DA5F64B3429 BaseClass: NativeClass:/Script/Engine.CameraActor Name:CameraActor_UAID_A07817A4AC290E8501_1149220071 Label:CameraActor2 SpatiallyLoaded:1 Bounds:IsValid=true, Min=(X=5262.917 Y=1837.583 Z=145.189), Max=(X=5262.917 Y=1837.583 Z=145.189) RuntimeGrid:None EditorOnly:0 RuntimeOnly:0 HLODRelevant:0
 |   |   |- [+] [  6]
 |   |   |   |- Guid:7B6D087A4FBEBA66395F3089F37C6590 BaseClass: NativeClass:/Script/Engine.PointLight Name:PointLight_UAID_A07817A4AC29117D01_1800686201 Label:PointLight SpatiallyLoaded:1 Bounds:IsValid=true, Min=(X=6691.428 Y=-248.572 Z=-1168.572), Max=(X=10508.572 Y=3568.572 Z=2648.572) RuntimeGrid:None EditorOnly:0 RuntimeOnly:0 HLODRelevant:0
 |   |   |- [+] [  7]
 |   |   |   |- Guid:7D7F7B8C458D1DAB4C21A88890545915 BaseClass: NativeClass:/Script/Niagara.NiagaraActor Name:NiagaraActor_UAID_A07817A4AC29648C01_1838682599 Label:BombGlitch_Niagara SpatiallyLoaded:1 Bounds:IsValid=true, Min=(X=4159.000 Y=1259.000 Z=49.000), Max=(X=4161.000 Y=1261.000 Z=51.000) RuntimeGrid:None EditorOnly:0 RuntimeOnly:0 HLODRelevant:0
 |   |   |- [+] [  8]
 |   |   |   |- Guid:5B34BB78470E37E16E45E387C72EAD76 BaseClass: NativeClass:/Script/Engine.StaticMeshActor Name:StaticMeshActor_UAID_A07817A4AC29107D01_1298764986 Label:SM_Cube14 SpatiallyLoaded:1 Bounds:IsValid=true, Min=(X=5820.000 Y=-860.000 Z=-50.000), Max=(X=14370.000 Y=3390.000 Z=0.000) RuntimeGrid:None EditorOnly:0 RuntimeOnly:0 HLODRelevant:1 FolderPath:Playground FolderGuid:C73F09FC4215536B1DCE2A9E0A830C70
 |   |   |- [+] [  9]
 |   |   |   |- Guid:AF68C76446DDD33FF0D4FCB842BD6062 BaseClass: NativeClass:/Script/Engine.PointLight Name:PointLight_UAID_A07817A4AC29117D01_1950758204 Label:PointLight3 SpatiallyLoaded:1 Bounds:IsValid=true, Min=(X=4970.389 Y=-1435.951 Z=-1168.572), Max=(X=8787.532 Y=2381.192 Z=2648.572) RuntimeGrid:None EditorOnly:0 RuntimeOnly:0 HLODRelevant:0
 |   |   |- [+] [ 10]
 |   |   |   |- Guid:D40E449048B4DDACEB1C7A8BE03CE16B BaseClass: NativeClass:/Script/Engine.PointLight Name:PointLight_UAID_A07817A4AC29008801_1441939775 Label:PointLight4 SpatiallyLoaded:1 Bounds:IsValid=true, Min=(X=3369.103 Y=-1435.951 Z=-1168.572), Max=(X=7186.246 Y=2381.192 Z=2648.572) RuntimeGrid:None EditorOnly:0 RuntimeOnly:0 HLODRelevant:0
 |   |   |- [+] [ 11]
 |   |   |   |- Guid:0C3EFECE4AEAB7DC3A1BF0BF374B4AB0 BaseClass:/Game/LevelPrototyping/Puzzle_Shadow/BP_PuzzleShadow.BP_PuzzleShadow_C NativeClass:/Script/Engine.Actor Name:BP_PuzzleShadow_C_UAID_A07817A4AC29028501_2051714959 Label:BP_PuzzleShadow SpatiallyLoaded:1 Bounds:IsValid=true, Min=(X=5240.000 Y=-80.000 Z=190.000), Max=(X=5315.000 Y=-5.000 Z=265.000) RuntimeGrid:None EditorOnly:0 RuntimeOnly:0 HLODRelevant:0
 |   |   |- [+] [ 12]
 |   |   |   |- Guid:DFC227C24C9C216F1AEE13966C66E8C2 BaseClass:/Game/Characters/Skills/BP_VisionActor.BP_VisionActor_C NativeClass:/Script/Engine.Actor Name:BP_VisionActor_C_UAID_A07817A4AC29598A01_1897543551 Label:BP_VisionActor SpatiallyLoaded:1 Bounds:IsValid=true, Min=(X=13683.326 Y=2133.854 Z=-14.971), Max=(X=13827.810 Y=2278.338 Z=129.514) RuntimeGrid:None EditorOnly:0 RuntimeOnly:0 HLODRelevant:0
 |   |   |- [+] [ 13]
 |   |   |   |- Guid:8833D11B44BE7644A0BA158CD2CA5922 BaseClass: NativeClass:/Script/Engine.PlayerStart Name:PlayerStart_0 Label:PlayerStart SpatiallyLoaded:0 Bounds:IsValid=true, Min=(X=3105.318 Y=1221.724 Z=0.013), Max=(X=3185.318 Y=1301.724 Z=184.013) RuntimeGrid:None EditorOnly:0 RuntimeOnly:0 HLODRelevant:0
 |   |   |- [+] [ 14]
 |   |   |   |- Guid:6591DA45492CD0F5A5D0FCBF40A01AE8 BaseClass:/Game/Characters/Skills/BP_SplineGlitch.BP_SplineGlitch_C NativeClass:/Script/Engine.Actor Name:BP_SplineGlitch_C_UAID_A07817A4AC29EE8301_1773309383 Label:BP_SplineGlitch SpatiallyLoaded:1 Bounds:IsValid=true, Min=(X=2818.899 Y=1725.389 Z=-506.000), Max=(X=4259.371 Y=2881.767 Z=646.000) RuntimeGrid:None EditorOnly:0 RuntimeOnly:0 HLODRelevant:0
 |   |   |- [+] [ 15]
 |   |   |   |- Guid:84811900424EF001B3E9469F48A389F7 BaseClass: NativeClass:/Script/Engine.SpotLight Name:SpotLight_UAID_A07817A4AC290B8501_1190616543 Label:SpotLight2 SpatiallyLoaded:1 Bounds:IsValid=true, Min=(X=4513.602 Y=1327.574 Z=-529.747), Max=(X=6033.096 Y=2847.067 Z=989.747) RuntimeGrid:None EditorOnly:0 RuntimeOnly:0 HLODRelevant:0
 |   |   |- [+] [ 16]
 |   |   |   |- Guid:D356DB65470A9D2710D8EFBC0EE71D35 BaseClass: NativeClass:/Script/Engine.PointLight Name:PointLight_UAID_A07817A4AC29117D01_1860139202 Label:PointLight2 SpatiallyLoaded:1 Bounds:IsValid=true, Min=(X=3961.391 Y=-161.763 Z=-1083.896), Max=(X=7778.534 Y=3655.380 Z=2733.247) RuntimeGrid:None EditorOnly:0 RuntimeOnly:0 HLODRelevant:0
 |   |   |- [+] [ 17]
 |   |   |   |- Guid:AF46763C49DC04C6E66825AC7AE51727 BaseClass: NativeClass:/Script/Engine.DirectionalLight Name:DirectionalLight_0 Label:DirectionalLight SpatiallyLoaded:0 Bounds:IsValid=true, Min=(X=-4398046511104.000 Y=-4398046511104.000 Z=-4398046511104.000), Max=(X=4398046511104.000 Y=4398046511104.000 Z=4398046511104.000) RuntimeGrid:None EditorOnly:0 RuntimeOnly:0 HLODRelevant:0 FolderPath:Lighting FolderGuid:963EC3EB4002CCE9759E2EBA541A873A
 |   |   |- [+] [ 18]
 |   |   |   |- Guid:64A1121544F5F2088FE0DC81F1738A31 BaseClass: NativeClass:/Script/Engine.SpotLight Name:SpotLight_UAID_A07817A4AC29058501_1324017490 Label:SpotLight SpatiallyLoaded:1 Bounds:IsValid=true, Min=(X=4513.602 Y=-969.494 Z=-529.747), Max=(X=6033.096 Y=550.000 Z=989.747) RuntimeGrid:None EditorOnly:0 RuntimeOnly:0 HLODRelevant:0
 |   |   |- [+] [ 19]
 |   |   |   |- Guid:E0611FD14DCFBE6A1A06758E94AC07C6 BaseClass: NativeClass:/Script/Engine.PostProcessVolume Name:PostProcessVolume_0 Label:PostProcessVolume SpatiallyLoaded:0 Bounds:IsValid=true, Min=(X=2626.505 Y=0.000 Z=400.000), Max=(X=2826.505 Y=200.000 Z=600.000) RuntimeGrid:None EditorOnly:0 RuntimeOnly:0 HLODRelevant:0 FolderPath:Lighting FolderGuid:963EC3EB4002CCE9759E2EBA541A873A
 |   |   |- [+] [ 20]
 |   |   |   |- Guid:0AC8B313493BBEC9BF0B10B27B304A0F BaseClass: NativeClass:/Script/Engine.PointLight Name:PointLight_UAID_A07817A4AC29127D01_1351070390 Label:PointLight7 SpatiallyLoaded:1 Bounds:IsValid=true, Min=(X=7792.776 Y=-1127.224 Z=-487.224), Max=(X=10387.224 Y=1467.224 Z=2107.224) RuntimeGrid:None EditorOnly:0 RuntimeOnly:0 HLODRelevant:0
 |   |   |- [+] [ 21]
 |   |   |   |- Guid:7762D5A245F2420B99DFD7B5E31E0E18 BaseClass:/Game/ThirdPerson/Blueprints/BP_ThirdPersonCharacter.BP_ThirdPersonCharacter_C NativeClass:/Script/Engine.Character Name:BP_ThirdPersonCharacter_C_UAID_A07817A4AC292B8801_1222306343 Label:BP_ThirdPersonCharacter SpatiallyLoaded:1 Bounds:IsValid=true, Min=(X=3591.308 Y=1043.618 Z=-77.823), Max=(X=3930.848 Y=1203.618 Z=202.188) RuntimeGrid:None EditorOnly:0 RuntimeOnly:0 HLODRelevant:0
 |   |   |- [+] [ 22]
 |   |   |   |- Guid:848BC51847385B8EBFAD628B57E9B724 BaseClass: NativeClass:/Script/Engine.PointLight Name:PointLight_UAID_A07817A4AC29117D01_2035460206 Label:PointLight5 SpatiallyLoaded:1 Bounds:IsValid=true, Min=(X=7931.598 Y=-2511.516 Z=-2081.700), Max=(X=13714.997 Y=3271.883 Z=3701.700) RuntimeGrid:None EditorOnly:0 RuntimeOnly:0 HLODRelevant:0
 |   |   |- [+] [ 23]
 |   |   |   |- Guid:6BAE028F4430D9CC75B41A8E00C19411 BaseClass: NativeClass:/Script/Engine.StaticMeshActor Name:StaticMeshActor_UAID_1C6F65927C32DE8C01_1180947130 Label:SM_Cube2 SpatiallyLoaded:1 Bounds:IsValid=true, Min=(X=3574.780 Y=802.000 Z=-23.875), Max=(X=4756.030 Y=852.000 Z=673.000) RuntimeGrid:None EditorOnly:0 RuntimeOnly:0 HLODRelevant:1 FolderPath:Playground FolderGuid:C73F09FC4215536B1DCE2A9E0A830C70
 |- ContainerInstances:
 |- [+] MainContainer:
 |   |-        ID: 0x0000000000000000
 |   |-    Bounds: IsValid=false, Min=(X=0.000 Y=0.000 Z=0.000), Max=(X=0.000 Y=0.000 Z=0.000)
 |   |- Transform: 0.000000,0.000000,0.000000|0.000000,0.000000,-0.000000|1.000000,1.000000,1.000000
 |   |- Container: /Game/ThirdPerson/Maps/gameroom20
----------------------------------------------------------------------------------------------------------------
gameroom20 - Persistent Level
----------------------------------------------------------------------------------------------------------------
Always loaded Actor Count: 190 

----------------------------------------------------------------------------------------------------------------
gameroom20 - Runtime Spatial Hash - Streaming Grid - MainGrid
----------------------------------------------------------------------------------------------------------------
            Origin: X=0.000 Y=0.000 Z=0.000
         Cell Size: 12800
      World Bounds: IsValid=false, Min=(X=0.000 Y=0.000 Z=0.000), Max=(X=0.000 Y=0.000 Z=0.000)
     Loading Range: 25600.00
Block Slow Loading: No
 ClientOnlyVisible: No

[+] Grid Levels: 1
 |- Level  0: Cell Count    0 | Cell Size   12800 | Actor Count    0 (0.0%)

[+] Content of Grid Level 0

